{"logTime": "0104/160554", "correlationVector":"U7DWCvPgwrgK9JaZhnyiVT.144","action":"GetUpdates", "result":"DeleteReceived", "context":{"id":"4c4c2301-c6cd-4ba9-90b4-0291e42be663", "isDeleted:":"true", "version":"1702872272069"}}
{"logTime": "0104/160554", "correlationVector":"U7DWCvPgwrgK9JaZhnyiVT.145","action":"GetUpdates", "result":"DeleteReceived", "context":{"id":"20653a68-1901-4334-a243-6b490600899f", "isDeleted:":"true", "version":"1702873691025"}}
{"logTime": "0104/160554", "correlationVector":"U7DWCvPgwrgK9JaZhnyiVT.146","action":"GetUpdates", "result":"DeleteReceived", "context":{"id":"337d485f-1ff0-42fb-a4dd-4f3380f2f145", "isDeleted:":"true", "version":"1702873691027"}}
{"logTime": "0104/160554", "correlationVector":"U7DWCvPgwrgK9JaZhnyiVT.147","action":"GetUpdates", "result":"DeleteReceived", "context":{"id":"8bb0b0a1-acf5-450e-8754-ef0c348b18c3", "isDeleted:":"true", "version":"1702879753855"}}
{"logTime": "0104/160554", "correlationVector":"U7DWCvPgwrgK9JaZhnyiVT.148","action":"GetUpdates", "result":"DeleteReceived", "context":{"id":"d09c5b39-66ac-4377-9c2b-422762cd03ea", "isDeleted:":"true", "version":"1702879753856"}}
{"logTime": "0104/160554", "correlationVector":"U7DWCvPgwrgK9JaZhnyiVT.149","action":"GetUpdates", "result":"DeleteReceived", "context":{"id":"0425a685-0c09-44ac-b6ed-e416e6bd94b0", "isDeleted:":"true", "version":"1702879753857"}}
{"logTime": "0104/160554", "correlationVector":"U7DWCvPgwrgK9JaZhnyiVT.150","action":"GetUpdates", "result":"DeleteReceived", "context":{"id":"ed2af7dc-1ad9-4412-b1f5-8420596906c6", "isDeleted:":"true", "version":"1702879753858"}}
{"logTime": "0104/160554", "correlationVector":"U7DWCvPgwrgK9JaZhnyiVT.151","action":"GetUpdates", "result":"DeleteReceived", "context":{"id":"faaf052a-dc98-4fc8-a87c-3246749dada4", "isDeleted:":"true", "version":"1702879753859"}}
{"logTime": "0104/160554", "correlationVector":"U7DWCvPgwrgK9JaZhnyiVT.152","action":"GetUpdates", "result":"DeleteReceived", "context":{"id":"f4417daf-f2ae-4489-9118-1f9c1465d062", "isDeleted:":"true", "version":"1702888631191"}}
{"logTime": "0104/160554", "correlationVector":"U7DWCvPgwrgK9JaZhnyiVT.153","action":"GetUpdates", "result":"DeleteReceived", "context":{"id":"e9d24e53-eb2b-4157-b800-10e762ae0366", "isDeleted:":"true", "version":"1702888631193"}}
{"logTime": "0104/160554", "correlationVector":"U7DWCvPgwrgK9JaZhnyiVT.154","action":"GetUpdates", "result":"DeleteReceived", "context":{"id":"23904c76-7f05-4efa-b4cc-9ad6ddfeca22", "isDeleted:":"true", "version":"1702888631194"}}
{"logTime": "0104/160554", "correlationVector":"U7DWCvPgwrgK9JaZhnyiVT.155","action":"GetUpdates", "result":"DeleteReceived", "context":{"id":"5c077ab3-4de1-45db-8035-ba69f1feb144", "isDeleted:":"true", "version":"1702888631196"}}
{"logTime": "0104/160554", "correlationVector":"U7DWCvPgwrgK9JaZhnyiVT.156","action":"GetUpdates", "result":"DeleteReceived", "context":{"id":"cce2ba24-cb24-460e-a435-a480b4076d09", "isDeleted:":"true", "version":"1702916099684"}}
{"logTime": "0104/160554", "correlationVector":"U7DWCvPgwrgK9JaZhnyiVT.157","action":"GetUpdates", "result":"DeleteReceived", "context":{"id":"4489d2fa-79fc-4121-a850-45accf547c49", "isDeleted:":"true", "version":"1702916099685"}}
{"logTime": "0104/160554", "correlationVector":"U7DWCvPgwrgK9JaZhnyiVT.158","action":"GetUpdates", "result":"DeleteReceived", "context":{"id":"da01b1e8-bc21-4299-aa28-6b3f13de4086", "isDeleted:":"true", "version":"1702916099686"}}
{"logTime": "0104/160554", "correlationVector":"U7DWCvPgwrgK9JaZhnyiVT.159","action":"GetUpdates", "result":"DeleteReceived", "context":{"id":"78ace285-fc57-4111-be90-561e10d49700", "isDeleted:":"true", "version":"1702916099688"}}
{"logTime": "0104/160554", "correlationVector":"U7DWCvPgwrgK9JaZhnyiVT.160","action":"GetUpdates", "result":"DeleteReceived", "context":{"id":"917b6e5b-6325-4f1a-be27-5118bccdb987", "isDeleted:":"true", "version":"1702916099690"}}
{"logTime": "0104/160554", "correlationVector":"U7DWCvPgwrgK9JaZhnyiVT.161","action":"GetUpdates", "result":"DeleteReceived", "context":{"id":"ea97e88a-d427-4cd8-9dbf-5dec28ce3f5d", "isDeleted:":"true", "version":"1702916099691"}}
{"logTime": "0104/160554", "correlationVector":"U7DWCvPgwrgK9JaZhnyiVT.162","action":"GetUpdates", "result":"DeleteReceived", "context":{"id":"f486b958-3d76-4e92-8f49-3f302be9a116", "isDeleted:":"true", "version":"1702916099692"}}
{"logTime": "0104/160554", "correlationVector":"U7DWCvPgwrgK9JaZhnyiVT.163","action":"GetUpdates", "result":"DeleteReceived", "context":{"id":"f248aa52-132f-4e62-a16b-1c1456151218", "isDeleted:":"true", "version":"1702916099693"}}
{"logTime": "0104/160554", "correlationVector":"U7DWCvPgwrgK9JaZhnyiVT.164","action":"GetUpdates", "result":"DeleteReceived", "context":{"id":"79b25997-71ac-44b8-91a8-804f788d8e86", "isDeleted:":"true", "version":"1702916099694"}}
{"logTime": "0104/160554", "correlationVector":"U7DWCvPgwrgK9JaZhnyiVT.165","action":"GetUpdates", "result":"DeleteReceived", "context":{"id":"a8123dba-d9fb-4117-8190-2bddc2489648", "isDeleted:":"true", "version":"1702916507270"}}
{"logTime": "0104/160554", "correlationVector":"U7DWCvPgwrgK9JaZhnyiVT.166","action":"GetUpdates", "result":"DeleteReceived", "context":{"id":"4f56632f-24f2-42f2-9b87-5c5a45cf7dd8", "isDeleted:":"true", "version":"1702916586127"}}
{"logTime": "0104/160554", "correlationVector":"U7DWCvPgwrgK9JaZhnyiVT.167","action":"GetUpdates", "result":"DeleteReceived", "context":{"id":"a91e446f-dd16-43c8-9c04-3f96bd5bc69e", "isDeleted:":"true", "version":"1702918777394"}}
{"logTime": "0104/160554", "correlationVector":"U7DWCvPgwrgK9JaZhnyiVT.168","action":"GetUpdates", "result":"DeleteReceived", "context":{"id":"80caaff8-79bb-49bb-a36e-f822784b8bb3", "isDeleted:":"true", "version":"1702919032734"}}
{"logTime": "0104/160554", "correlationVector":"U7DWCvPgwrgK9JaZhnyiVT.169","action":"GetUpdates", "result":"DeleteReceived", "context":{"id":"b5136ed5-be67-413e-8b9e-bcc36fcba238", "isDeleted:":"true", "version":"1702956403369"}}
{"logTime": "0104/160554", "correlationVector":"U7DWCvPgwrgK9JaZhnyiVT.170","action":"GetUpdates", "result":"DeleteReceived", "context":{"id":"0c3561af-306e-43bc-ac82-7d73a24d83be", "isDeleted:":"true", "version":"1702956403370"}}
{"logTime": "0104/160554", "correlationVector":"U7DWCvPgwrgK9JaZhnyiVT.171","action":"GetUpdates", "result":"DeleteReceived", "context":{"id":"2bf56cd4-9c1c-4d7d-bc7c-cd6d89159f86", "isDeleted:":"true", "version":"1702956403371"}}
{"logTime": "0104/160554", "correlationVector":"U7DWCvPgwrgK9JaZhnyiVT.172","action":"GetUpdates", "result":"DeleteReceived", "context":{"id":"948a51cd-88fc-4b85-baf1-4d5e4a3e7b0b", "isDeleted:":"true", "version":"1702956403373"}}
{"logTime": "0104/160554", "correlationVector":"U7DWCvPgwrgK9JaZhnyiVT.173","action":"GetUpdates", "result":"DeleteReceived", "context":{"id":"68539bbf-cabc-4bbb-93f6-80731b8074a2", "isDeleted:":"true", "version":"1702956403374"}}
{"logTime": "0104/160554", "correlationVector":"U7DWCvPgwrgK9JaZhnyiVT.174","action":"GetUpdates", "result":"DeleteReceived", "context":{"id":"6472d679-fd9a-4315-8385-5d7fbe49a20f", "isDeleted:":"true", "version":"1702956403376"}}
{"logTime": "0104/160554", "correlationVector":"U7DWCvPgwrgK9JaZhnyiVT.175","action":"GetUpdates", "result":"DeleteReceived", "context":{"id":"d204469d-ea0d-41be-a029-4b80b8f85409", "isDeleted:":"true", "version":"1702956403377"}}
{"logTime": "0104/160554", "correlationVector":"U7DWCvPgwrgK9JaZhnyiVT.176","action":"GetUpdates", "result":"DeleteReceived", "context":{"id":"dd0cf4d2-6a6c-4b27-8ea2-35f132570d89", "isDeleted:":"true", "version":"1702956403378"}}
{"logTime": "0104/160554", "correlationVector":"U7DWCvPgwrgK9JaZhnyiVT.177","action":"GetUpdates", "result":"DeleteReceived", "context":{"id":"8bb21547-c3d9-452c-b12f-7b5ba11831db", "isDeleted:":"true", "version":"1702956403379"}}
{"logTime": "0104/160554", "correlationVector":"U7DWCvPgwrgK9JaZhnyiVT.178","action":"GetUpdates", "result":"DeleteReceived", "context":{"id":"01070129-d65b-4858-a16e-b4f29c5f1289", "isDeleted:":"true", "version":"1703029605670"}}
{"logTime": "0104/160554", "correlationVector":"U7DWCvPgwrgK9JaZhnyiVT.179","action":"GetUpdates", "result":"DeleteReceived", "context":{"id":"b3d0d85d-8091-45b5-9064-0d212525ea24", "isDeleted:":"true", "version":"1703034009470"}}
{"logTime": "0104/160554", "correlationVector":"U7DWCvPgwrgK9JaZhnyiVT.180","action":"GetUpdates", "result":"DeleteReceived", "context":{"id":"c49ae80e-b098-4f94-bd48-91ad44cb5eac", "isDeleted:":"true", "version":"1703035458978"}}
{"logTime": "0104/160554", "correlationVector":"U7DWCvPgwrgK9JaZhnyiVT.181","action":"GetUpdates", "result":"DeleteReceived", "context":{"id":"eaa40df6-043d-4f83-9ad8-a31168ab75e1", "isDeleted:":"true", "version":"1703035738171"}}
{"logTime": "0104/160554", "correlationVector":"U7DWCvPgwrgK9JaZhnyiVT.182","action":"GetUpdates", "result":"DeleteReceived", "context":{"id":"13930b62-c554-412e-afc4-4dbda45669c3", "isDeleted:":"true", "version":"1703035738172"}}
{"logTime": "0104/160554", "correlationVector":"U7DWCvPgwrgK9JaZhnyiVT.183","action":"GetUpdates", "result":"DeleteReceived", "context":{"id":"8342a5aa-ee24-40b1-9a99-1483737b8815", "isDeleted:":"true", "version":"1703035738173"}}
{"logTime": "0104/160554", "correlationVector":"U7DWCvPgwrgK9JaZhnyiVT.184","action":"GetUpdates", "result":"DeleteReceived", "context":{"id":"f396f1ef-69ad-41ae-8555-11cffc928878", "isDeleted:":"true", "version":"1703035738174"}}
{"logTime": "0104/160554", "correlationVector":"U7DWCvPgwrgK9JaZhnyiVT.185","action":"GetUpdates", "result":"DeleteReceived", "context":{"id":"2c67b16b-4d7a-41b9-9c5d-9ae5652dbb89", "isDeleted:":"true", "version":"1703035738177"}}
{"logTime": "0104/160554", "correlationVector":"U7DWCvPgwrgK9JaZhnyiVT.186","action":"GetUpdates", "result":"DeleteReceived", "context":{"id":"4af069c3-644a-4eed-85ba-539afea7bb49", "isDeleted:":"true", "version":"1703035738178"}}
{"logTime": "0104/160554", "correlationVector":"U7DWCvPgwrgK9JaZhnyiVT.187","action":"GetUpdates", "result":"DeleteReceived", "context":{"id":"f1171dc3-dd07-49df-a320-12573e3dfcbf", "isDeleted:":"true", "version":"1703036354185"}}
{"logTime": "0104/160554", "correlationVector":"U7DWCvPgwrgK9JaZhnyiVT.188","action":"GetUpdates", "result":"DeleteReceived", "context":{"id":"0d3f91e8-eafc-44c1-b08a-52910cfc9739", "isDeleted:":"true", "version":"1703038800833"}}
{"logTime": "0104/160554", "correlationVector":"U7DWCvPgwrgK9JaZhnyiVT.189","action":"GetUpdates", "result":"DeleteReceived", "context":{"id":"bc153523-6063-43df-8dd0-348177f58033", "isDeleted:":"true", "version":"1703038919390"}}
{"logTime": "0104/160554", "correlationVector":"U7DWCvPgwrgK9JaZhnyiVT.190","action":"GetUpdates", "result":"DeleteReceived", "context":{"id":"39520204-a166-488e-9350-c84ff6927259", "isDeleted:":"true", "version":"1703045260710"}}
{"logTime": "0104/160554", "correlationVector":"U7DWCvPgwrgK9JaZhnyiVT.191","action":"GetUpdates", "result":"DeleteReceived", "context":{"id":"1744520c-89af-4804-94af-795e56a408be", "isDeleted:":"true", "version":"1703045260713"}}
{"logTime": "0104/160554", "correlationVector":"U7DWCvPgwrgK9JaZhnyiVT.192","action":"GetUpdates", "result":"DeleteReceived", "context":{"id":"51c77042-bfa4-4cdd-9cb7-63e2c8b0c736", "isDeleted:":"true", "version":"1703053219077"}}
{"logTime": "0104/160554", "correlationVector":"U7DWCvPgwrgK9JaZhnyiVT.193","action":"GetUpdates", "result":"DeleteReceived", "context":{"id":"14be5d6d-27e5-48ef-94b5-91cf7ebf81d4", "isDeleted:":"true", "version":"1703053230080"}}
{"logTime": "0104/160554", "correlationVector":"U7DWCvPgwrgK9JaZhnyiVT.194","action":"GetUpdates", "result":"DeleteReceived", "context":{"id":"b16e29b7-50d6-48d4-9795-de924dc0cdb0", "isDeleted:":"true", "version":"1703053561316"}}
{"logTime": "0104/160554", "correlationVector":"U7DWCvPgwrgK9JaZhnyiVT.195","action":"GetUpdates", "result":"DeleteReceived", "context":{"id":"b0becef8-99d3-4606-86c5-1f8065706e96", "isDeleted:":"true", "version":"1703066180627"}}
{"logTime": "0104/160554", "correlationVector":"U7DWCvPgwrgK9JaZhnyiVT.196","action":"GetUpdates", "result":"DeleteReceived", "context":{"id":"6a463772-d938-4e32-a5e9-d970a31ec561", "isDeleted:":"true", "version":"1703066601718"}}
{"logTime": "0104/160554", "correlationVector":"U7DWCvPgwrgK9JaZhnyiVT.197","action":"GetUpdates", "result":"DeleteReceived", "context":{"id":"c70c582a-5f8d-4dee-b50c-9774b7f3a816", "isDeleted:":"true", "version":"1703066601721"}}
{"logTime": "0104/160554", "correlationVector":"U7DWCvPgwrgK9JaZhnyiVT.198","action":"GetUpdates", "result":"DeleteReceived", "context":{"id":"2f85cb84-598e-41d4-8de1-02e84c728a96", "isDeleted:":"true", "version":"1703066601722"}}
{"logTime": "0104/160554", "correlationVector":"U7DWCvPgwrgK9JaZhnyiVT.199","action":"GetUpdates", "result":"DeleteReceived", "context":{"id":"de036dcb-670f-4dee-8d5a-fc842bbf4ded", "isDeleted:":"true", "version":"1703070986867"}}
{"logTime": "0104/160554", "correlationVector":"U7DWCvPgwrgK9JaZhnyiVT.200","action":"GetUpdates", "result":"DeleteReceived", "context":{"id":"0672f2e1-5c8a-4d24-bdd0-cedae49daa94", "isDeleted:":"true", "version":"1703070986870"}}
{"logTime": "0104/160554", "correlationVector":"U7DWCvPgwrgK9JaZhnyiVT.201","action":"GetUpdates", "result":"DeleteReceived", "context":{"id":"2a4f8275-f97a-4805-806c-f27e2f2ee9cd", "isDeleted:":"true", "version":"1703070986871"}}
{"logTime": "0104/160554", "correlationVector":"U7DWCvPgwrgK9JaZhnyiVT.202","action":"GetUpdates", "result":"DeleteReceived", "context":{"id":"69fa5819-202c-4615-b796-9102ece52333", "isDeleted:":"true", "version":"1703078301117"}}
{"logTime": "0104/160554", "correlationVector":"U7DWCvPgwrgK9JaZhnyiVT.203","action":"GetUpdates", "result":"DeleteReceived", "context":{"id":"8b12420c-f847-4fd0-ad9b-7ce790b496fc", "isDeleted:":"true", "version":"1703078301118"}}
{"logTime": "0104/160554", "correlationVector":"U7DWCvPgwrgK9JaZhnyiVT.204","action":"GetUpdates", "result":"DeleteReceived", "context":{"id":"92e77428-ab07-47c6-8d01-e118c86de02a", "isDeleted:":"true", "version":"1703078301121"}}
{"logTime": "0104/160554", "correlationVector":"U7DWCvPgwrgK9JaZhnyiVT.205","action":"GetUpdates", "result":"DeleteReceived", "context":{"id":"038a0344-b914-4c82-a6a2-a80584c02809", "isDeleted:":"true", "version":"1703078388413"}}
{"logTime": "0104/160554", "correlationVector":"U7DWCvPgwrgK9JaZhnyiVT.206","action":"GetUpdates", "result":"DeleteReceived", "context":{"id":"a35e48a6-9428-4203-ac4d-d5cd2997722a", "isDeleted:":"true", "version":"1703081416753"}}
{"logTime": "0104/160554", "correlationVector":"U7DWCvPgwrgK9JaZhnyiVT.207","action":"GetUpdates", "result":"DeleteReceived", "context":{"id":"69b69bbe-0745-490b-a8dd-933bc31e151b", "isDeleted:":"true", "version":"1703081416755"}}
{"logTime": "0104/160554", "correlationVector":"U7DWCvPgwrgK9JaZhnyiVT.208","action":"GetUpdates Response", "result":"SERVER_MORE_TO_DOWNLOAD", "context":Received 250 update(s).  Some updates remain.}
{"logTime": "0104/160554", "correlationVector":"AxnfaMkYB2+iGcusUzXzqi","action":"Normal GetUpdate request", "result":"", "context":cV=AxnfaMkYB2+iGcusUzXzqi
Nudged types: Sessions, Device Info, User Consents
Refresh requested types: Bookmarks, Preferences, Passwords, Autofill Profiles, Autofill, Autofill Custom Data, Typed URLs, Extensions, Sessions, Extension settings, History Delete Directives, Device Info, User Consents, Send Tab To Self, Web Apps, Collection, Edge E Drop, Edge Hub App Usage, Edge Wallet, Encryption Keys}
{"logTime": "0104/160556", "correlationVector":"AxnfaMkYB2+iGcusUzXzqi.1","action":"SyncServerConnectionManagerRequest", "result":"SYNC_SERVER_OK", "context":{"environment":"Prod_SoutheastAsia_000j", "migrationStage":"NotStarted", "server":"GENERAL0100000E"}}
{"logTime": "0104/160556", "correlationVector":"AxnfaMkYB2+iGcusUzXzqi.2","action":"GetUpdates", "result":"DeleteReceived", "context":{"id":"d449ae66-4624-4831-bcee-4404c53c3a83", "isDeleted:":"true", "version":"1703081416757"}}
{"logTime": "0104/160556", "correlationVector":"AxnfaMkYB2+iGcusUzXzqi.3","action":"GetUpdates", "result":"DeleteReceived", "context":{"id":"a451eb9c-c4f1-4e7d-8800-03a5bf8b05d5", "isDeleted:":"true", "version":"1703116764147"}}
{"logTime": "0104/160556", "correlationVector":"AxnfaMkYB2+iGcusUzXzqi.4","action":"GetUpdates", "result":"DeleteReceived", "context":{"id":"a4560f99-d875-4dc5-8406-c3ebd890746f", "isDeleted:":"true", "version":"1703116764148"}}
{"logTime": "0104/160556", "correlationVector":"AxnfaMkYB2+iGcusUzXzqi.5","action":"GetUpdates", "result":"DeleteReceived", "context":{"id":"410a492c-e1bc-4d55-97b2-43b9e30c805a", "isDeleted:":"true", "version":"1703116764149"}}
{"logTime": "0104/160556", "correlationVector":"AxnfaMkYB2+iGcusUzXzqi.6","action":"GetUpdates", "result":"DeleteReceived", "context":{"id":"0c34ac1d-3e70-4168-9967-49dece3af7c9", "isDeleted:":"true", "version":"1703116764150"}}
{"logTime": "0104/160556", "correlationVector":"AxnfaMkYB2+iGcusUzXzqi.7","action":"GetUpdates", "result":"DeleteReceived", "context":{"id":"753e5adf-c851-4356-bc8f-fe3a43d34c83", "isDeleted:":"true", "version":"1703122134359"}}
{"logTime": "0104/160556", "correlationVector":"AxnfaMkYB2+iGcusUzXzqi.8","action":"GetUpdates", "result":"DeleteReceived", "context":{"id":"ac9bfece-7201-447d-928b-911042c409a8", "isDeleted:":"true", "version":"1703127001107"}}
{"logTime": "0104/160556", "correlationVector":"AxnfaMkYB2+iGcusUzXzqi.9","action":"GetUpdates", "result":"DeleteReceived", "context":{"id":"ec7e9725-616a-4e92-88b3-811fc96385bd", "isDeleted:":"true", "version":"1703127032845"}}
{"logTime": "0104/160556", "correlationVector":"AxnfaMkYB2+iGcusUzXzqi.10","action":"GetUpdates", "result":"DeleteReceived", "context":{"id":"d193f92d-c793-4f06-bf26-e26f51cc8452", "isDeleted:":"true", "version":"1703127063569"}}
{"logTime": "0104/160556", "correlationVector":"AxnfaMkYB2+iGcusUzXzqi.11","action":"GetUpdates", "result":"DeleteReceived", "context":{"id":"5b36f02e-eeee-4a7b-8cfd-e287f5328056", "isDeleted:":"true", "version":"1703127197359"}}
{"logTime": "0104/160556", "correlationVector":"AxnfaMkYB2+iGcusUzXzqi.12","action":"GetUpdates", "result":"DeleteReceived", "context":{"id":"beef7529-b2e8-4aef-9adf-f15fd4e841d3", "isDeleted:":"true", "version":"1703131649492"}}
{"logTime": "0104/160556", "correlationVector":"AxnfaMkYB2+iGcusUzXzqi.13","action":"GetUpdates", "result":"DeleteReceived", "context":{"id":"b9c135f5-2343-4830-9f92-cf2306d1316d", "isDeleted:":"true", "version":"1703226679990"}}
{"logTime": "0104/160556", "correlationVector":"AxnfaMkYB2+iGcusUzXzqi.14","action":"GetUpdates", "result":"DeleteReceived", "context":{"id":"3dea36a1-5c8b-496c-a16e-dea963e03b58", "isDeleted:":"true", "version":"1703226679991"}}
{"logTime": "0104/160556", "correlationVector":"AxnfaMkYB2+iGcusUzXzqi.15","action":"GetUpdates", "result":"DeleteReceived", "context":{"id":"a9780aa2-a1e3-4719-b8f8-91bedc93735d", "isDeleted:":"true", "version":"1703230000925"}}
{"logTime": "0104/160556", "correlationVector":"AxnfaMkYB2+iGcusUzXzqi.16","action":"GetUpdates", "result":"DeleteReceived", "context":{"id":"fc7b8637-3f26-420f-8476-84e66ecaab1e", "isDeleted:":"true", "version":"1703230000927"}}
{"logTime": "0104/160556", "correlationVector":"AxnfaMkYB2+iGcusUzXzqi.17","action":"GetUpdates", "result":"DeleteReceived", "context":{"id":"d1ddd745-676b-48a0-b2ea-6cf7c4bff62f", "isDeleted:":"true", "version":"1703233846828"}}
{"logTime": "0104/160556", "correlationVector":"AxnfaMkYB2+iGcusUzXzqi.18","action":"GetUpdates", "result":"DeleteReceived", "context":{"id":"9e3892b8-2c5d-4975-9a52-12d2c206d88d", "isDeleted:":"true", "version":"1703233949105"}}
{"logTime": "0104/160556", "correlationVector":"AxnfaMkYB2+iGcusUzXzqi.19","action":"GetUpdates", "result":"DeleteReceived", "context":{"id":"2065ed75-e871-4bbc-b835-d6c532813840", "isDeleted:":"true", "version":"1703234619437"}}
{"logTime": "0104/160556", "correlationVector":"AxnfaMkYB2+iGcusUzXzqi.20","action":"GetUpdates", "result":"DeleteReceived", "context":{"id":"4a80a247-8c53-4d32-b94b-7e8f370a5ffb", "isDeleted:":"true", "version":"1703234619438"}}
{"logTime": "0104/160556", "correlationVector":"AxnfaMkYB2+iGcusUzXzqi.21","action":"GetUpdates", "result":"DeleteReceived", "context":{"id":"25819d05-4f12-4d1c-85ac-3574091d9ab1", "isDeleted:":"true", "version":"1703235905637"}}
{"logTime": "0104/160556", "correlationVector":"AxnfaMkYB2+iGcusUzXzqi.22","action":"GetUpdates", "result":"DeleteReceived", "context":{"id":"9d81fbda-512e-40bf-b19d-ff66711796f8", "isDeleted:":"true", "version":"1703241513400"}}
{"logTime": "0104/160556", "correlationVector":"AxnfaMkYB2+iGcusUzXzqi.23","action":"GetUpdates", "result":"DeleteReceived", "context":{"id":"e226474b-dea3-4643-a717-7acde9031ec3", "isDeleted:":"true", "version":"1703336986021"}}
{"logTime": "0104/160556", "correlationVector":"AxnfaMkYB2+iGcusUzXzqi.24","action":"GetUpdates", "result":"DeleteReceived", "context":{"id":"1eba31d5-1135-4e33-be77-021b30dceb2f", "isDeleted:":"true", "version":"1703338269242"}}
{"logTime": "0104/160556", "correlationVector":"AxnfaMkYB2+iGcusUzXzqi.25","action":"GetUpdates", "result":"DeleteReceived", "context":{"id":"fce60d9a-65db-4507-b892-09fe4d50919e", "isDeleted:":"true", "version":"1703338269243"}}
{"logTime": "0104/160556", "correlationVector":"AxnfaMkYB2+iGcusUzXzqi.26","action":"GetUpdates", "result":"DeleteReceived", "context":{"id":"725be2db-455e-4145-85fc-4987df6faa3f", "isDeleted:":"true", "version":"1703425320949"}}
{"logTime": "0104/160556", "correlationVector":"AxnfaMkYB2+iGcusUzXzqi.27","action":"GetUpdates", "result":"DeleteReceived", "context":{"id":"de5a367c-dd41-41ce-bcbf-81b0aa77e331", "isDeleted:":"true", "version":"1703425320950"}}
{"logTime": "0104/160556", "correlationVector":"AxnfaMkYB2+iGcusUzXzqi.28","action":"GetUpdates", "result":"DeleteReceived", "context":{"id":"92892d01-6581-4e2f-9b2f-18b4148f10c4", "isDeleted:":"true", "version":"1703425320952"}}
{"logTime": "0104/160556", "correlationVector":"AxnfaMkYB2+iGcusUzXzqi.29","action":"GetUpdates", "result":"DeleteReceived", "context":{"id":"df167156-3ca7-4969-a60a-144cd958fb19", "isDeleted:":"true", "version":"1703426533724"}}
{"logTime": "0104/160556", "correlationVector":"AxnfaMkYB2+iGcusUzXzqi.30","action":"GetUpdates", "result":"DeleteReceived", "context":{"id":"d39338e2-642a-40d4-9858-f724b13afa33", "isDeleted:":"true", "version":"1703430918764"}}
{"logTime": "0104/160556", "correlationVector":"AxnfaMkYB2+iGcusUzXzqi.31","action":"GetUpdates", "result":"DeleteReceived", "context":{"id":"20402121-f817-426e-8a1e-f53c4db25bda", "isDeleted:":"true", "version":"1703432604177"}}
{"logTime": "0104/160556", "correlationVector":"AxnfaMkYB2+iGcusUzXzqi.32","action":"GetUpdates", "result":"DeleteReceived", "context":{"id":"0f6aa118-42c1-4c8e-8349-67564d098295", "isDeleted:":"true", "version":"1703432604178"}}
{"logTime": "0104/160556", "correlationVector":"AxnfaMkYB2+iGcusUzXzqi.33","action":"GetUpdates", "result":"DeleteReceived", "context":{"id":"5c2e3421-d0b8-4468-9d2d-0f97174e752e", "isDeleted:":"true", "version":"1703432604179"}}
{"logTime": "0104/160556", "correlationVector":"AxnfaMkYB2+iGcusUzXzqi.34","action":"GetUpdates", "result":"DeleteReceived", "context":{"id":"1fe975d3-be90-4e46-9c06-00d0cd585848", "isDeleted:":"true", "version":"1703435959985"}}
{"logTime": "0104/160556", "correlationVector":"AxnfaMkYB2+iGcusUzXzqi.35","action":"GetUpdates", "result":"DeleteReceived", "context":{"id":"840c85d8-7255-47d6-bdad-e0f798036682", "isDeleted:":"true", "version":"1703485610090"}}
{"logTime": "0104/160556", "correlationVector":"AxnfaMkYB2+iGcusUzXzqi.36","action":"GetUpdates", "result":"DeleteReceived", "context":{"id":"7372b7b3-205f-48a9-86d5-fbbb0579cf76", "isDeleted:":"true", "version":"1703485610091"}}
{"logTime": "0104/160556", "correlationVector":"AxnfaMkYB2+iGcusUzXzqi.37","action":"GetUpdates", "result":"DeleteReceived", "context":{"id":"e36b5407-2365-4c51-b6ff-02d082e18700", "isDeleted:":"true", "version":"1703485610092"}}
{"logTime": "0104/160556", "correlationVector":"AxnfaMkYB2+iGcusUzXzqi.38","action":"GetUpdates", "result":"DeleteReceived", "context":{"id":"d0580542-d00f-478e-91f5-f0890a298844", "isDeleted:":"true", "version":"1703485610093"}}
{"logTime": "0104/160556", "correlationVector":"AxnfaMkYB2+iGcusUzXzqi.39","action":"GetUpdates", "result":"DeleteReceived", "context":{"id":"b6c71e58-9b14-4901-8c72-073ab77b675e", "isDeleted:":"true", "version":"1703515522080"}}
{"logTime": "0104/160556", "correlationVector":"AxnfaMkYB2+iGcusUzXzqi.40","action":"GetUpdates", "result":"DeleteReceived", "context":{"id":"c9cdad1f-151e-4ae3-886b-54f9087585ef", "isDeleted:":"true", "version":"1703661372887"}}
{"logTime": "0104/160556", "correlationVector":"AxnfaMkYB2+iGcusUzXzqi.41","action":"GetUpdates", "result":"DeleteReceived", "context":{"id":"404351d5-18a9-4d8b-8fd3-d31e183e3cd2", "isDeleted:":"true", "version":"1703661372889"}}
{"logTime": "0104/160556", "correlationVector":"AxnfaMkYB2+iGcusUzXzqi.42","action":"GetUpdates", "result":"DeleteReceived", "context":{"id":"a5a845cb-58b5-48ef-8cef-b1ecf8b79e16", "isDeleted:":"true", "version":"1703661372890"}}
{"logTime": "0104/160556", "correlationVector":"AxnfaMkYB2+iGcusUzXzqi.43","action":"GetUpdates", "result":"DeleteReceived", "context":{"id":"f41c68f3-c308-4943-9ddf-dfaa5f519214", "isDeleted:":"true", "version":"1703682880722"}}
{"logTime": "0104/160556", "correlationVector":"AxnfaMkYB2+iGcusUzXzqi.44","action":"GetUpdates", "result":"DeleteReceived", "context":{"id":"5f1435a7-1f5d-4c81-8c4a-6f72992ab3ec", "isDeleted:":"true", "version":"1703682880723"}}
{"logTime": "0104/160556", "correlationVector":"AxnfaMkYB2+iGcusUzXzqi.45","action":"GetUpdates", "result":"DeleteReceived", "context":{"id":"3fd634d8-1cbd-45b9-a4de-97eb0830410d", "isDeleted:":"true", "version":"1703682880724"}}
{"logTime": "0104/160556", "correlationVector":"AxnfaMkYB2+iGcusUzXzqi.46","action":"GetUpdates", "result":"DeleteReceived", "context":{"id":"f92cd4c4-1d31-4bae-a47b-11fceb72a5aa", "isDeleted:":"true", "version":"1703686626253"}}
{"logTime": "0104/160556", "correlationVector":"AxnfaMkYB2+iGcusUzXzqi.47","action":"GetUpdates", "result":"DeleteReceived", "context":{"id":"d2ceac89-e9d5-43bb-86b1-6b0b4300de8b", "isDeleted:":"true", "version":"1703687398401"}}
{"logTime": "0104/160556", "correlationVector":"AxnfaMkYB2+iGcusUzXzqi.48","action":"GetUpdates", "result":"DeleteReceived", "context":{"id":"f8b69b8b-7ee1-402b-b241-a83ae56a8b65", "isDeleted:":"true", "version":"1703690173718"}}
{"logTime": "0104/160556", "correlationVector":"AxnfaMkYB2+iGcusUzXzqi.49","action":"GetUpdates", "result":"DeleteReceived", "context":{"id":"8ec935af-ab2d-45ab-9c7c-b5ab80a8eb65", "isDeleted:":"true", "version":"1703735636838"}}
{"logTime": "0104/160556", "correlationVector":"AxnfaMkYB2+iGcusUzXzqi.50","action":"GetUpdates", "result":"DeleteReceived", "context":{"id":"03c1c7ba-23ec-4974-847b-26cc18ad2108", "isDeleted:":"true", "version":"1703735636839"}}
{"logTime": "0104/160556", "correlationVector":"AxnfaMkYB2+iGcusUzXzqi.51","action":"GetUpdates", "result":"DeleteReceived", "context":{"id":"a88386f1-e511-432d-b012-936331cf4a46", "isDeleted:":"true", "version":"1703735636840"}}
{"logTime": "0104/160556", "correlationVector":"AxnfaMkYB2+iGcusUzXzqi.52","action":"GetUpdates", "result":"DeleteReceived", "context":{"id":"38e6b91f-a209-4aea-a230-4ee0dea86759", "isDeleted:":"true", "version":"1703735636842"}}
{"logTime": "0104/160556", "correlationVector":"AxnfaMkYB2+iGcusUzXzqi.53","action":"GetUpdates", "result":"DeleteReceived", "context":{"id":"9e1fbbe5-3aba-46d8-8a2e-abbb82f23ba6", "isDeleted:":"true", "version":"1703735636844"}}
{"logTime": "0104/160556", "correlationVector":"AxnfaMkYB2+iGcusUzXzqi.54","action":"GetUpdates", "result":"DeleteReceived", "context":{"id":"ad8d3af1-6baf-4b50-947e-886e960a2b75", "isDeleted:":"true", "version":"1703735636845"}}
{"logTime": "0104/160556", "correlationVector":"AxnfaMkYB2+iGcusUzXzqi.55","action":"GetUpdates", "result":"DeleteReceived", "context":{"id":"0cc91110-6606-4936-9966-77986cc6c801", "isDeleted:":"true", "version":"1703735636846"}}
{"logTime": "0104/160556", "correlationVector":"AxnfaMkYB2+iGcusUzXzqi.56","action":"GetUpdates", "result":"DeleteReceived", "context":{"id":"eea479fd-30bc-4e36-a225-a56a6fde6eca", "isDeleted:":"true", "version":"1703748897879"}}
{"logTime": "0104/160556", "correlationVector":"AxnfaMkYB2+iGcusUzXzqi.57","action":"GetUpdates", "result":"DeleteReceived", "context":{"id":"f0736874-494d-4812-858d-65253dc883d2", "isDeleted:":"true", "version":"1703755143285"}}
{"logTime": "0104/160556", "correlationVector":"AxnfaMkYB2+iGcusUzXzqi.58","action":"GetUpdates", "result":"DeleteReceived", "context":{"id":"c4c59d8a-ac72-43e3-b9c8-3d740b60ddab", "isDeleted:":"true", "version":"1703755143286"}}
{"logTime": "0104/160556", "correlationVector":"AxnfaMkYB2+iGcusUzXzqi.59","action":"GetUpdates", "result":"DeleteReceived", "context":{"id":"7379e8c6-765e-4327-a90e-62712f0808cf", "isDeleted:":"true", "version":"1703755756882"}}
{"logTime": "0104/160556", "correlationVector":"AxnfaMkYB2+iGcusUzXzqi.60","action":"GetUpdates", "result":"DeleteReceived", "context":{"id":"1541fad4-90c5-4878-91cd-6bb609c2647e", "isDeleted:":"true", "version":"1703780525509"}}
{"logTime": "0104/160556", "correlationVector":"AxnfaMkYB2+iGcusUzXzqi.61","action":"GetUpdates", "result":"DeleteReceived", "context":{"id":"9bc9a18f-bd36-4bd7-8e38-7bb1de5cf1f8", "isDeleted:":"true", "version":"1703780525513"}}
{"logTime": "0104/160556", "correlationVector":"AxnfaMkYB2+iGcusUzXzqi.62","action":"GetUpdates", "result":"DeleteReceived", "context":{"id":"c9150fc8-7cf6-4250-839d-f1ecb1c34a89", "isDeleted:":"true", "version":"1703781240480"}}
{"logTime": "0104/160556", "correlationVector":"AxnfaMkYB2+iGcusUzXzqi.63","action":"GetUpdates", "result":"DeleteReceived", "context":{"id":"c9a0cb34-0789-4079-90a4-4a881ed7b07d", "isDeleted:":"true", "version":"1703782285911"}}
{"logTime": "0104/160556", "correlationVector":"AxnfaMkYB2+iGcusUzXzqi.64","action":"GetUpdates", "result":"DeleteReceived", "context":{"id":"2c6b3f3e-45a1-48fe-b767-bed27699bda6", "isDeleted:":"true", "version":"1703783596554"}}
{"logTime": "0104/160556", "correlationVector":"AxnfaMkYB2+iGcusUzXzqi.65","action":"GetUpdates", "result":"DeleteReceived", "context":{"id":"3f502cb3-d027-48eb-b485-82eec770242f", "isDeleted:":"true", "version":"1703856685557"}}
{"logTime": "0104/160556", "correlationVector":"AxnfaMkYB2+iGcusUzXzqi.66","action":"GetUpdates", "result":"DeleteReceived", "context":{"id":"d52aca82-8b05-4538-bbea-61f604fd1a0f", "isDeleted:":"true", "version":"1703856685559"}}
{"logTime": "0104/160556", "correlationVector":"AxnfaMkYB2+iGcusUzXzqi.67","action":"GetUpdates", "result":"DeleteReceived", "context":{"id":"8693af2b-032b-4d8a-96bd-24ae3c2d970e", "isDeleted:":"true", "version":"1703856685560"}}
{"logTime": "0104/160556", "correlationVector":"AxnfaMkYB2+iGcusUzXzqi.68","action":"GetUpdates", "result":"DeleteReceived", "context":{"id":"e82aef87-3ff1-46ca-b007-33039af84d47", "isDeleted:":"true", "version":"1703859873840"}}
{"logTime": "0104/160556", "correlationVector":"AxnfaMkYB2+iGcusUzXzqi.69","action":"GetUpdates", "result":"DeleteReceived", "context":{"id":"160efc29-ebf5-445c-8d18-d1bc41ddd634", "isDeleted:":"true", "version":"1703864045259"}}
{"logTime": "0104/160556", "correlationVector":"AxnfaMkYB2+iGcusUzXzqi.70","action":"GetUpdates", "result":"DeleteReceived", "context":{"id":"1c60f4bd-8818-4a48-b925-84655b6e1c22", "isDeleted:":"true", "version":"1703864045262"}}
{"logTime": "0104/160556", "correlationVector":"AxnfaMkYB2+iGcusUzXzqi.71","action":"GetUpdates", "result":"DeleteReceived", "context":{"id":"1d43988d-87b3-49ca-80c5-af454fd5d420", "isDeleted:":"true", "version":"1703866543813"}}
{"logTime": "0104/160556", "correlationVector":"AxnfaMkYB2+iGcusUzXzqi.72","action":"GetUpdates", "result":"DeleteReceived", "context":{"id":"20942599-7c9f-4eed-bada-377cec674b6c", "isDeleted:":"true", "version":"1703868994103"}}
{"logTime": "0104/160556", "correlationVector":"AxnfaMkYB2+iGcusUzXzqi.73","action":"GetUpdates", "result":"DeleteReceived", "context":{"id":"347e40c1-a96f-42f4-a331-70bf3c5178ba", "isDeleted:":"true", "version":"1703870616238"}}
{"logTime": "0104/160556", "correlationVector":"AxnfaMkYB2+iGcusUzXzqi.74","action":"GetUpdates", "result":"DeleteReceived", "context":{"id":"819130cb-f060-432a-ba3b-e30c53303bef", "isDeleted:":"true", "version":"1703870616241"}}
{"logTime": "0104/160556", "correlationVector":"AxnfaMkYB2+iGcusUzXzqi.75","action":"GetUpdates", "result":"DeleteReceived", "context":{"id":"ff9d3d51-36b2-4398-8e40-23f745b76cc3", "isDeleted:":"true", "version":"1703872613791"}}
{"logTime": "0104/160556", "correlationVector":"AxnfaMkYB2+iGcusUzXzqi.76","action":"GetUpdates", "result":"DeleteReceived", "context":{"id":"c46bc5c1-09d1-4775-9a53-f3d24aed9821", "isDeleted:":"true", "version":"1703872870362"}}
{"logTime": "0104/160556", "correlationVector":"AxnfaMkYB2+iGcusUzXzqi.77","action":"GetUpdates", "result":"DeleteReceived", "context":{"id":"e6152a76-a78e-4e3a-ad76-da3e2ce0e791", "isDeleted:":"true", "version":"1703873744305"}}
{"logTime": "0104/160556", "correlationVector":"AxnfaMkYB2+iGcusUzXzqi.78","action":"GetUpdates", "result":"DeleteReceived", "context":{"id":"3f9821fa-addd-4f67-aec9-615b74a1e3a3", "isDeleted:":"true", "version":"1703875341113"}}
{"logTime": "0104/160556", "correlationVector":"AxnfaMkYB2+iGcusUzXzqi.79","action":"GetUpdates", "result":"DeleteReceived", "context":{"id":"259df231-3c07-49ea-8158-06c97ecf6ec4", "isDeleted:":"true", "version":"1703875341116"}}
{"logTime": "0104/160556", "correlationVector":"AxnfaMkYB2+iGcusUzXzqi.80","action":"GetUpdates", "result":"DeleteReceived", "context":{"id":"538e52a1-f6aa-4bd6-ab06-d3604aba0911", "isDeleted:":"true", "version":"1703875341117"}}
{"logTime": "0104/160556", "correlationVector":"AxnfaMkYB2+iGcusUzXzqi.81","action":"GetUpdates", "result":"DeleteReceived", "context":{"id":"7c228730-fb6a-4fc3-bef9-0abe6f3b9d14", "isDeleted:":"true", "version":"1703875341118"}}
{"logTime": "0104/160556", "correlationVector":"AxnfaMkYB2+iGcusUzXzqi.82","action":"GetUpdates", "result":"DeleteReceived", "context":{"id":"a05972fd-77d6-43a2-a441-b42c0e4b09c3", "isDeleted:":"true", "version":"1703875341120"}}
{"logTime": "0104/160556", "correlationVector":"AxnfaMkYB2+iGcusUzXzqi.83","action":"GetUpdates", "result":"DeleteReceived", "context":{"id":"f46ac455-ed9a-43a3-8289-c0140ca34b01", "isDeleted:":"true", "version":"1703875417257"}}
{"logTime": "0104/160556", "correlationVector":"AxnfaMkYB2+iGcusUzXzqi.84","action":"GetUpdates", "result":"DeleteReceived", "context":{"id":"406e048f-3c4a-458c-be3c-9b69e5dfa3c8", "isDeleted:":"true", "version":"1703920826496"}}
{"logTime": "0104/160556", "correlationVector":"AxnfaMkYB2+iGcusUzXzqi.85","action":"GetUpdates", "result":"DeleteReceived", "context":{"id":"cabf74d0-f8a9-4a12-a23f-a2121449833d", "isDeleted:":"true", "version":"1703920826497"}}
{"logTime": "0104/160556", "correlationVector":"AxnfaMkYB2+iGcusUzXzqi.86","action":"GetUpdates", "result":"DeleteReceived", "context":{"id":"1e896acb-24c9-4e40-a0b4-7ba93a064cd8", "isDeleted:":"true", "version":"1703920826498"}}
{"logTime": "0104/160556", "correlationVector":"AxnfaMkYB2+iGcusUzXzqi.87","action":"GetUpdates", "result":"DeleteReceived", "context":{"id":"181955bd-3d31-4993-af32-b5aba4eca2c3", "isDeleted:":"true", "version":"1703920826500"}}
{"logTime": "0104/160556", "correlationVector":"AxnfaMkYB2+iGcusUzXzqi.88","action":"GetUpdates", "result":"DeleteReceived", "context":{"id":"62b78787-67a7-4a75-a4bd-d97ce063e2e0", "isDeleted:":"true", "version":"1703920826501"}}
{"logTime": "0104/160556", "correlationVector":"AxnfaMkYB2+iGcusUzXzqi.89","action":"GetUpdates", "result":"DeleteReceived", "context":{"id":"7aa3d0af-f7d0-481c-9a36-f7742b3ec087", "isDeleted:":"true", "version":"1703920826503"}}
{"logTime": "0104/160556", "correlationVector":"AxnfaMkYB2+iGcusUzXzqi.90","action":"GetUpdates", "result":"DeleteReceived", "context":{"id":"0a403f60-bf86-45d9-a041-0dfb2ec65a93", "isDeleted:":"true", "version":"1703920826504"}}
{"logTime": "0104/160556", "correlationVector":"AxnfaMkYB2+iGcusUzXzqi.91","action":"GetUpdates", "result":"DeleteReceived", "context":{"id":"bd735cce-6f7d-43ec-a213-f21538a82443", "isDeleted:":"true", "version":"1703921040194"}}
{"logTime": "0104/160556", "correlationVector":"AxnfaMkYB2+iGcusUzXzqi.92","action":"GetUpdates", "result":"DeleteReceived", "context":{"id":"a5bf8fe3-a820-4d14-a102-03b8cd622b28", "isDeleted:":"true", "version":"1703921437368"}}
{"logTime": "0104/160556", "correlationVector":"AxnfaMkYB2+iGcusUzXzqi.93","action":"GetUpdates", "result":"DeleteReceived", "context":{"id":"9a8b4926-81eb-436c-a874-d5d135396851", "isDeleted:":"true", "version":"1703924750030"}}
{"logTime": "0104/160556", "correlationVector":"AxnfaMkYB2+iGcusUzXzqi.94","action":"GetUpdates", "result":"DeleteReceived", "context":{"id":"8b965d6c-0419-4e4b-87c8-27c704c0580c", "isDeleted:":"true", "version":"1703924750032"}}
{"logTime": "0104/160556", "correlationVector":"AxnfaMkYB2+iGcusUzXzqi.95","action":"GetUpdates", "result":"DeleteReceived", "context":{"id":"eb841e2f-5eab-41fc-b19e-61d5b9c66f79", "isDeleted:":"true", "version":"1703926717797"}}
{"logTime": "0104/160556", "correlationVector":"AxnfaMkYB2+iGcusUzXzqi.96","action":"GetUpdates", "result":"DeleteReceived", "context":{"id":"5936ae7e-2180-4711-a481-0ee75be1abb4", "isDeleted:":"true", "version":"1703927609242"}}
{"logTime": "0104/160556", "correlationVector":"AxnfaMkYB2+iGcusUzXzqi.97","action":"GetUpdates", "result":"DeleteReceived", "context":{"id":"97a4bf8b-71c6-4b3c-87d2-cac3bb745075", "isDeleted:":"true", "version":"1703928891499"}}
{"logTime": "0104/160556", "correlationVector":"AxnfaMkYB2+iGcusUzXzqi.98","action":"GetUpdates", "result":"DeleteReceived", "context":{"id":"ad2a6345-d6b7-43c4-87ac-231cc80c79b7", "isDeleted:":"true", "version":"1703943616092"}}
{"logTime": "0104/160556", "correlationVector":"AxnfaMkYB2+iGcusUzXzqi.99","action":"GetUpdates", "result":"DeleteReceived", "context":{"id":"a90fd206-e86e-47b4-9931-13d1647381b9", "isDeleted:":"true", "version":"1703943616093"}}
{"logTime": "0104/160556", "correlationVector":"AxnfaMkYB2+iGcusUzXzqi.100","action":"GetUpdates", "result":"DeleteReceived", "context":{"id":"1b07f13b-97c1-4c35-92cb-47627476e886", "isDeleted:":"true", "version":"1703943616094"}}
{"logTime": "0104/160556", "correlationVector":"AxnfaMkYB2+iGcusUzXzqi.101","action":"GetUpdates", "result":"DeleteReceived", "context":{"id":"bc6ecc94-7f62-4308-8887-005762d12c3b", "isDeleted:":"true", "version":"1703943616095"}}
{"logTime": "0104/160556", "correlationVector":"AxnfaMkYB2+iGcusUzXzqi.102","action":"GetUpdates", "result":"DeleteReceived", "context":{"id":"2913511c-cb80-4b19-ba9b-2f6a1a2adada", "isDeleted:":"true", "version":"1703950005022"}}
{"logTime": "0104/160556", "correlationVector":"AxnfaMkYB2+iGcusUzXzqi.103","action":"GetUpdates", "result":"DeleteReceived", "context":{"id":"c15039ad-5f11-4b97-8c45-761446f0663a", "isDeleted:":"true", "version":"1703950005023"}}
{"logTime": "0104/160556", "correlationVector":"AxnfaMkYB2+iGcusUzXzqi.104","action":"GetUpdates", "result":"DeleteReceived", "context":{"id":"9a6750b9-71dc-4b71-af7f-400dcaaf419f", "isDeleted:":"true", "version":"1703950005024"}}
{"logTime": "0104/160556", "correlationVector":"AxnfaMkYB2+iGcusUzXzqi.105","action":"GetUpdates", "result":"DeleteReceived", "context":{"id":"4547dae0-b057-49e1-8174-20e918f5d661", "isDeleted:":"true", "version":"1703950005025"}}
{"logTime": "0104/160556", "correlationVector":"AxnfaMkYB2+iGcusUzXzqi.106","action":"GetUpdates", "result":"DeleteReceived", "context":{"id":"83e061cb-6cf5-4f71-a29f-9e6dbd2f3930", "isDeleted:":"true", "version":"1703950005026"}}
{"logTime": "0104/160556", "correlationVector":"AxnfaMkYB2+iGcusUzXzqi.107","action":"GetUpdates", "result":"DeleteReceived", "context":{"id":"1773b870-f507-4c11-9ee4-3a1316b722d6", "isDeleted:":"true", "version":"1703950005027"}}
{"logTime": "0104/160556", "correlationVector":"AxnfaMkYB2+iGcusUzXzqi.108","action":"GetUpdates", "result":"DeleteReceived", "context":{"id":"f58bf7e5-36d4-4b16-b3c2-770000ca59d5", "isDeleted:":"true", "version":"1703950005029"}}
{"logTime": "0104/160556", "correlationVector":"AxnfaMkYB2+iGcusUzXzqi.109","action":"GetUpdates", "result":"DeleteReceived", "context":{"id":"42020f50-e2e8-43ef-b59a-98eba0c37c9e", "isDeleted:":"true", "version":"1703950005030"}}
{"logTime": "0104/160556", "correlationVector":"AxnfaMkYB2+iGcusUzXzqi.110","action":"GetUpdates", "result":"DeleteReceived", "context":{"id":"8ce3d507-b312-4068-b289-0cbcae3c94e2", "isDeleted:":"true", "version":"1703950917613"}}
{"logTime": "0104/160556", "correlationVector":"AxnfaMkYB2+iGcusUzXzqi.111","action":"GetUpdates", "result":"DeleteReceived", "context":{"id":"774de30f-39a0-4e85-a2d7-b3a86f1de54d", "isDeleted:":"true", "version":"1703954113444"}}
{"logTime": "0104/160556", "correlationVector":"AxnfaMkYB2+iGcusUzXzqi.112","action":"GetUpdates", "result":"DeleteReceived", "context":{"id":"af5e42d4-d076-4f3a-8387-ac71516c4c53", "isDeleted:":"true", "version":"1703954113445"}}
{"logTime": "0104/160556", "correlationVector":"AxnfaMkYB2+iGcusUzXzqi.113","action":"GetUpdates", "result":"DeleteReceived", "context":{"id":"e85dcdb9-147b-479a-803a-3d1dfa16ebee", "isDeleted:":"true", "version":"1703954113446"}}
{"logTime": "0104/160556", "correlationVector":"AxnfaMkYB2+iGcusUzXzqi.114","action":"GetUpdates", "result":"DeleteReceived", "context":{"id":"04adee54-dc8f-4398-acdb-7dceeb68db89", "isDeleted:":"true", "version":"1703954113447"}}
{"logTime": "0104/160556", "correlationVector":"AxnfaMkYB2+iGcusUzXzqi.115","action":"GetUpdates", "result":"DeleteReceived", "context":{"id":"819ca7d3-d68d-4722-97b4-82611a97ed1b", "isDeleted:":"true", "version":"1703954113448"}}
{"logTime": "0104/160556", "correlationVector":"AxnfaMkYB2+iGcusUzXzqi.116","action":"GetUpdates", "result":"DeleteReceived", "context":{"id":"e48a0a46-f0f8-42d9-ae9f-bae7e336fd7a", "isDeleted:":"true", "version":"1703954113449"}}
{"logTime": "0104/160556", "correlationVector":"AxnfaMkYB2+iGcusUzXzqi.117","action":"GetUpdates", "result":"DeleteReceived", "context":{"id":"741f6a18-7069-4f90-abae-11250778a2ee", "isDeleted:":"true", "version":"1703954113451"}}
{"logTime": "0104/160556", "correlationVector":"AxnfaMkYB2+iGcusUzXzqi.118","action":"GetUpdates", "result":"DeleteReceived", "context":{"id":"16da9b59-0a46-45a9-819b-ed6ab4407b1c", "isDeleted:":"true", "version":"1703954113452"}}
{"logTime": "0104/160556", "correlationVector":"AxnfaMkYB2+iGcusUzXzqi.119","action":"GetUpdates", "result":"DeleteReceived", "context":{"id":"c294434c-8af3-4c04-894d-4d558d9b930a", "isDeleted:":"true", "version":"1703954113453"}}
{"logTime": "0104/160556", "correlationVector":"AxnfaMkYB2+iGcusUzXzqi.120","action":"GetUpdates", "result":"DeleteReceived", "context":{"id":"401b9570-6750-4ab7-adaf-aeaf1856e299", "isDeleted:":"true", "version":"1703955854895"}}
{"logTime": "0104/160556", "correlationVector":"AxnfaMkYB2+iGcusUzXzqi.121","action":"GetUpdates", "result":"DeleteReceived", "context":{"id":"e2b623c5-9cbd-4728-a6a6-466741437f30", "isDeleted:":"true", "version":"1703955854896"}}
{"logTime": "0104/160556", "correlationVector":"AxnfaMkYB2+iGcusUzXzqi.122","action":"GetUpdates", "result":"DeleteReceived", "context":{"id":"b913ebff-bc81-4d8a-880e-c9b6624c90d3", "isDeleted:":"true", "version":"1703955854898"}}
{"logTime": "0104/160556", "correlationVector":"AxnfaMkYB2+iGcusUzXzqi.123","action":"GetUpdates", "result":"DeleteReceived", "context":{"id":"c51f8bdc-99b0-425f-8a5f-87e100b6e946", "isDeleted:":"true", "version":"1703955854900"}}
{"logTime": "0104/160556", "correlationVector":"AxnfaMkYB2+iGcusUzXzqi.124","action":"GetUpdates", "result":"DeleteReceived", "context":{"id":"54f39a3e-782a-46ba-9db4-89787916b63b", "isDeleted:":"true", "version":"1703958853481"}}
{"logTime": "0104/160556", "correlationVector":"AxnfaMkYB2+iGcusUzXzqi.125","action":"GetUpdates", "result":"DeleteReceived", "context":{"id":"8599b260-28f4-464e-83ff-8df5397164d9", "isDeleted:":"true", "version":"1703958853482"}}
{"logTime": "0104/160556", "correlationVector":"AxnfaMkYB2+iGcusUzXzqi.126","action":"GetUpdates", "result":"DeleteReceived", "context":{"id":"c84160b2-f0bb-43d0-a927-34d0c7068ef6", "isDeleted:":"true", "version":"1703962162065"}}
{"logTime": "0104/160556", "correlationVector":"AxnfaMkYB2+iGcusUzXzqi.127","action":"GetUpdates", "result":"DeleteReceived", "context":{"id":"91998366-a3ac-419e-b8f7-6cd4aee6b53f", "isDeleted:":"true", "version":"1703964561467"}}
{"logTime": "0104/160556", "correlationVector":"AxnfaMkYB2+iGcusUzXzqi.128","action":"GetUpdates", "result":"DeleteReceived", "context":{"id":"32a351ab-76bd-4baf-a80b-dcedbd48960f", "isDeleted:":"true", "version":"1703965122518"}}
{"logTime": "0104/160556", "correlationVector":"AxnfaMkYB2+iGcusUzXzqi.129","action":"GetUpdates", "result":"DeleteReceived", "context":{"id":"ba56d10d-3cd7-4bab-9835-0f13cae70ecf", "isDeleted:":"true", "version":"1703994091058"}}
{"logTime": "0104/160556", "correlationVector":"AxnfaMkYB2+iGcusUzXzqi.130","action":"GetUpdates", "result":"DeleteReceived", "context":{"id":"79f2bb0c-f48e-4d6d-aae7-593c74dfeec0", "isDeleted:":"true", "version":"1703994091059"}}
{"logTime": "0104/160556", "correlationVector":"AxnfaMkYB2+iGcusUzXzqi.131","action":"GetUpdates", "result":"DeleteReceived", "context":{"id":"e1cc0ea2-5416-43e1-bbb9-d76b86082919", "isDeleted:":"true", "version":"1703994091061"}}
{"logTime": "0104/160556", "correlationVector":"AxnfaMkYB2+iGcusUzXzqi.132","action":"GetUpdates", "result":"DeleteReceived", "context":{"id":"7e88facc-40fd-4b1a-a3e7-77597dc8c215", "isDeleted:":"true", "version":"1703994091062"}}
{"logTime": "0104/160556", "correlationVector":"AxnfaMkYB2+iGcusUzXzqi.133","action":"GetUpdates", "result":"DeleteReceived", "context":{"id":"e705116b-4120-4928-85c4-c6ece8fdb3a0", "isDeleted:":"true", "version":"1703994091064"}}
{"logTime": "0104/160556", "correlationVector":"AxnfaMkYB2+iGcusUzXzqi.134","action":"GetUpdates", "result":"DeleteReceived", "context":{"id":"2f8c3e19-2d20-42ae-84bd-0f810b014f7f", "isDeleted:":"true", "version":"1703995682677"}}
{"logTime": "0104/160556", "correlationVector":"AxnfaMkYB2+iGcusUzXzqi.135","action":"GetUpdates", "result":"DeleteReceived", "context":{"id":"ce34d839-ecb3-47d7-a223-460fb91889d9", "isDeleted:":"true", "version":"1704002962612"}}
{"logTime": "0104/160556", "correlationVector":"AxnfaMkYB2+iGcusUzXzqi.136","action":"GetUpdates", "result":"DeleteReceived", "context":{"id":"e072fff3-a554-4204-8aee-b1dec2d01434", "isDeleted:":"true", "version":"1704008858277"}}
{"logTime": "0104/160556", "correlationVector":"AxnfaMkYB2+iGcusUzXzqi.137","action":"GetUpdates", "result":"DeleteReceived", "context":{"id":"6c4405ae-51de-4a89-ad64-43d352212fe8", "isDeleted:":"true", "version":"1704013314711"}}
{"logTime": "0104/160556", "correlationVector":"AxnfaMkYB2+iGcusUzXzqi.138","action":"GetUpdates", "result":"DeleteReceived", "context":{"id":"0ccc94ae-0707-4b9b-93bf-72acf796e8b6", "isDeleted:":"true", "version":"1704013314714"}}
{"logTime": "0104/160556", "correlationVector":"AxnfaMkYB2+iGcusUzXzqi.139","action":"GetUpdates", "result":"DeleteReceived", "context":{"id":"7e8a082a-e61c-4d5b-b538-3957221a9011", "isDeleted:":"true", "version":"1704013314715"}}
{"logTime": "0104/160556", "correlationVector":"AxnfaMkYB2+iGcusUzXzqi.140","action":"GetUpdates", "result":"DeleteReceived", "context":{"id":"7d6e8ddd-64ea-4fc5-9589-be04b4e20a5f", "isDeleted:":"true", "version":"1704021072334"}}
{"logTime": "0104/160556", "correlationVector":"AxnfaMkYB2+iGcusUzXzqi.141","action":"GetUpdates", "result":"DeleteReceived", "context":{"id":"6c61fc1d-10bb-4afb-82e0-7656bab600d0", "isDeleted:":"true", "version":"1704021072336"}}
{"logTime": "0104/160556", "correlationVector":"AxnfaMkYB2+iGcusUzXzqi.142","action":"GetUpdates", "result":"DeleteReceived", "context":{"id":"6fe3acb7-a512-4a4f-9c13-101f97119e11", "isDeleted:":"true", "version":"1704021425112"}}
{"logTime": "0104/160556", "correlationVector":"AxnfaMkYB2+iGcusUzXzqi.143","action":"GetUpdates", "result":"DeleteReceived", "context":{"id":"bb3fa3d8-beae-4634-883a-c08b22058dd3", "isDeleted:":"true", "version":"1704021547898"}}
{"logTime": "0104/160556", "correlationVector":"AxnfaMkYB2+iGcusUzXzqi.144","action":"GetUpdates", "result":"DeleteReceived", "context":{"id":"9232fa99-85e8-4eae-9c23-e1159dd62707", "isDeleted:":"true", "version":"1704039323299"}}
{"logTime": "0104/160556", "correlationVector":"AxnfaMkYB2+iGcusUzXzqi.145","action":"GetUpdates", "result":"DeleteReceived", "context":{"id":"0ef33175-59b2-4663-88c1-7ce4ea760c38", "isDeleted:":"true", "version":"1704039868048"}}
{"logTime": "0104/160556", "correlationVector":"AxnfaMkYB2+iGcusUzXzqi.146","action":"GetUpdates", "result":"DeleteReceived", "context":{"id":"ecfa960f-7171-4c8a-8fa2-be24078377f1", "isDeleted:":"true", "version":"1704039868049"}}
{"logTime": "0104/160556", "correlationVector":"AxnfaMkYB2+iGcusUzXzqi.147","action":"GetUpdates", "result":"DeleteReceived", "context":{"id":"e802976b-6885-4748-b54c-a94a66d77f50", "isDeleted:":"true", "version":"1704039868050"}}
{"logTime": "0104/160556", "correlationVector":"AxnfaMkYB2+iGcusUzXzqi.148","action":"GetUpdates", "result":"DeleteReceived", "context":{"id":"ac758da8-1cac-448c-8c0e-7bc44252ef30", "isDeleted:":"true", "version":"1704039868052"}}
{"logTime": "0104/160556", "correlationVector":"AxnfaMkYB2+iGcusUzXzqi.149","action":"GetUpdates", "result":"DeleteReceived", "context":{"id":"b8a01007-eaf2-4315-82d9-cd0ebdf7ef26", "isDeleted:":"true", "version":"1704039868055"}}
{"logTime": "0104/160556", "correlationVector":"AxnfaMkYB2+iGcusUzXzqi.150","action":"GetUpdates", "result":"DeleteReceived", "context":{"id":"6f08d0ea-79b0-4b63-80a7-47d871d8923d", "isDeleted:":"true", "version":"1704039883493"}}
{"logTime": "0104/160556", "correlationVector":"AxnfaMkYB2+iGcusUzXzqi.151","action":"GetUpdates", "result":"DeleteReceived", "context":{"id":"6b84f99a-d6b7-488f-8bd4-27431559fcba", "isDeleted:":"true", "version":"1704039883496"}}
{"logTime": "0104/160556", "correlationVector":"AxnfaMkYB2+iGcusUzXzqi.152","action":"GetUpdates", "result":"DeleteReceived", "context":{"id":"82ac8c67-dfaa-4ef8-aba8-115df2959a7f", "isDeleted:":"true", "version":"1704043413302"}}
{"logTime": "0104/160556", "correlationVector":"AxnfaMkYB2+iGcusUzXzqi.153","action":"GetUpdates", "result":"DeleteReceived", "context":{"id":"2e30cf65-08be-4319-861c-596fe1a09643", "isDeleted:":"true", "version":"1704049083633"}}
{"logTime": "0104/160556", "correlationVector":"AxnfaMkYB2+iGcusUzXzqi.154","action":"GetUpdates", "result":"DeleteReceived", "context":{"id":"e9411ed2-f128-45b1-aac7-fabc6460656b", "isDeleted:":"true", "version":"1704051699263"}}
{"logTime": "0104/160556", "correlationVector":"AxnfaMkYB2+iGcusUzXzqi.155","action":"GetUpdates", "result":"DeleteReceived", "context":{"id":"768636df-f27d-47ec-94e1-538859e57834", "isDeleted:":"true", "version":"1704071883933"}}
{"logTime": "0104/160556", "correlationVector":"AxnfaMkYB2+iGcusUzXzqi.156","action":"GetUpdates", "result":"DeleteReceived", "context":{"id":"9b4f293e-cf9a-48d3-8680-a399edf406a2", "isDeleted:":"true", "version":"1704072512560"}}
{"logTime": "0104/160556", "correlationVector":"AxnfaMkYB2+iGcusUzXzqi.157","action":"GetUpdates", "result":"DeleteReceived", "context":{"id":"2d89f857-d725-4b33-afe4-0ad6e5214144", "isDeleted:":"true", "version":"1704073579318"}}
{"logTime": "0104/160556", "correlationVector":"AxnfaMkYB2+iGcusUzXzqi.158","action":"GetUpdates", "result":"DeleteReceived", "context":{"id":"769d6f9e-ad04-404b-961e-b48974e53e98", "isDeleted:":"true", "version":"1704073579321"}}
{"logTime": "0104/160556", "correlationVector":"AxnfaMkYB2+iGcusUzXzqi.159","action":"GetUpdates", "result":"DeleteReceived", "context":{"id":"613c2bfb-bf7b-4631-9cd7-a86963614266", "isDeleted:":"true", "version":"1704073579324"}}
{"logTime": "0104/160556", "correlationVector":"AxnfaMkYB2+iGcusUzXzqi.160","action":"GetUpdates", "result":"DeleteReceived", "context":{"id":"e6fccdae-7bf9-4ec4-8db0-0148b06370d3", "isDeleted:":"true", "version":"1704073579325"}}
{"logTime": "0104/160556", "correlationVector":"AxnfaMkYB2+iGcusUzXzqi.161","action":"GetUpdates", "result":"DeleteReceived", "context":{"id":"b8760f6c-e8df-4c43-9742-328d66e84998", "isDeleted:":"true", "version":"1704073579327"}}
{"logTime": "0104/160556", "correlationVector":"AxnfaMkYB2+iGcusUzXzqi.162","action":"GetUpdates", "result":"DeleteReceived", "context":{"id":"180b3731-ca5e-49ac-b73f-1f93b1b2bd8f", "isDeleted:":"true", "version":"1704073579328"}}
{"logTime": "0104/160556", "correlationVector":"AxnfaMkYB2+iGcusUzXzqi.163","action":"GetUpdates", "result":"DeleteReceived", "context":{"id":"03697423-a815-4c7c-ae95-2d6af0c7846d", "isDeleted:":"true", "version":"1704073579329"}}
{"logTime": "0104/160556", "correlationVector":"AxnfaMkYB2+iGcusUzXzqi.164","action":"GetUpdates", "result":"DeleteReceived", "context":{"id":"68671d37-86bb-471e-b513-720d3556a1cc", "isDeleted:":"true", "version":"1704075273861"}}
{"logTime": "0104/160556", "correlationVector":"AxnfaMkYB2+iGcusUzXzqi.165","action":"GetUpdates", "result":"DeleteReceived", "context":{"id":"3c4fa376-645e-4a37-a955-9c2a224c2bed", "isDeleted:":"true", "version":"1704075273864"}}
{"logTime": "0104/160556", "correlationVector":"AxnfaMkYB2+iGcusUzXzqi.166","action":"GetUpdates", "result":"DeleteReceived", "context":{"id":"5d1e2e0b-1746-4ef9-bf84-fd00e553c2a2", "isDeleted:":"true", "version":"1704076966004"}}
{"logTime": "0104/160556", "correlationVector":"AxnfaMkYB2+iGcusUzXzqi.167","action":"GetUpdates", "result":"DeleteReceived", "context":{"id":"c1b42dfb-144b-4a0c-be3e-4ad75a57db4d", "isDeleted:":"true", "version":"1704076966005"}}
{"logTime": "0104/160556", "correlationVector":"AxnfaMkYB2+iGcusUzXzqi.168","action":"GetUpdates", "result":"DeleteReceived", "context":{"id":"eebd01a2-baf4-4db7-94ac-315053206b8c", "isDeleted:":"true", "version":"1704079232703"}}
{"logTime": "0104/160556", "correlationVector":"AxnfaMkYB2+iGcusUzXzqi.169","action":"GetUpdates", "result":"DeleteReceived", "context":{"id":"e512044c-9d65-4834-9743-2b2850dbe3e5", "isDeleted:":"true", "version":"1704079232705"}}
{"logTime": "0104/160556", "correlationVector":"AxnfaMkYB2+iGcusUzXzqi.170","action":"GetUpdates", "result":"DeleteReceived", "context":{"id":"97a93410-07e6-480f-85bc-76135c443780", "isDeleted:":"true", "version":"1704079232708"}}
{"logTime": "0104/160556", "correlationVector":"AxnfaMkYB2+iGcusUzXzqi.171","action":"GetUpdates", "result":"DeleteReceived", "context":{"id":"973c8763-91ce-4fc9-adef-c7f2a225147c", "isDeleted:":"true", "version":"1704079232709"}}
{"logTime": "0104/160556", "correlationVector":"AxnfaMkYB2+iGcusUzXzqi.172","action":"GetUpdates", "result":"DeleteReceived", "context":{"id":"6568a755-49f2-4006-9e8d-0c0f937219e4", "isDeleted:":"true", "version":"1704079232710"}}
{"logTime": "0104/160556", "correlationVector":"AxnfaMkYB2+iGcusUzXzqi.173","action":"GetUpdates", "result":"DeleteReceived", "context":{"id":"87e09017-b88c-4fd4-943e-7759201cfdbc", "isDeleted:":"true", "version":"1704080086381"}}
{"logTime": "0104/160556", "correlationVector":"AxnfaMkYB2+iGcusUzXzqi.174","action":"GetUpdates", "result":"DeleteReceived", "context":{"id":"ad2557b0-bf73-476b-9eef-af2b5e93d2c5", "isDeleted:":"true", "version":"1704080315047"}}
{"logTime": "0104/160556", "correlationVector":"AxnfaMkYB2+iGcusUzXzqi.175","action":"GetUpdates", "result":"DeleteReceived", "context":{"id":"33389dbc-a122-4b24-983e-fc5a2dc81807", "isDeleted:":"true", "version":"1704081093421"}}
{"logTime": "0104/160556", "correlationVector":"AxnfaMkYB2+iGcusUzXzqi.176","action":"GetUpdates", "result":"DeleteReceived", "context":{"id":"abe7b852-b5a1-47d3-bd2d-345ebe57d163", "isDeleted:":"true", "version":"1704081453741"}}
{"logTime": "0104/160556", "correlationVector":"AxnfaMkYB2+iGcusUzXzqi.177","action":"GetUpdates", "result":"DeleteReceived", "context":{"id":"41e51b4d-f0f8-41f1-be92-f3d1794b7421", "isDeleted:":"true", "version":"1704081896166"}}
{"logTime": "0104/160556", "correlationVector":"AxnfaMkYB2+iGcusUzXzqi.178","action":"GetUpdates", "result":"DeleteReceived", "context":{"id":"ec27d879-f805-4c5e-ba44-816ac9c060a5", "isDeleted:":"true", "version":"1704082339233"}}
{"logTime": "0104/160556", "correlationVector":"AxnfaMkYB2+iGcusUzXzqi.179","action":"GetUpdates", "result":"DeleteReceived", "context":{"id":"b9506c21-9b15-46c6-8453-5b17ab219a13", "isDeleted:":"true", "version":"1704083826794"}}
{"logTime": "0104/160556", "correlationVector":"AxnfaMkYB2+iGcusUzXzqi.180","action":"GetUpdates", "result":"DeleteReceived", "context":{"id":"aa3b7a3f-0e94-4993-b4dc-bc6a716d6246", "isDeleted:":"true", "version":"1704083826796"}}
{"logTime": "0104/160556", "correlationVector":"AxnfaMkYB2+iGcusUzXzqi.181","action":"GetUpdates", "result":"DeleteReceived", "context":{"id":"2c89eee5-0e48-4739-85c7-d78a79b3fc73", "isDeleted:":"true", "version":"1704083826797"}}
{"logTime": "0104/160556", "correlationVector":"AxnfaMkYB2+iGcusUzXzqi.182","action":"GetUpdates", "result":"DeleteReceived", "context":{"id":"4a705e5e-a12d-48e0-9866-02ae86fec7d4", "isDeleted:":"true", "version":"1704083826798"}}
{"logTime": "0104/160556", "correlationVector":"AxnfaMkYB2+iGcusUzXzqi.183","action":"GetUpdates", "result":"DeleteReceived", "context":{"id":"5a5f0a4e-2f1c-457b-ab9a-d11732355ee1", "isDeleted:":"true", "version":"1704086230953"}}
{"logTime": "0104/160556", "correlationVector":"AxnfaMkYB2+iGcusUzXzqi.184","action":"GetUpdates Response", "result":"SERVER_MORE_TO_DOWNLOAD", "context":Received 250 update(s).  Some updates remain.}
{"logTime": "0104/160556", "correlationVector":"azbppujapL6YaS9PE+U8DE","action":"Normal GetUpdate request", "result":"", "context":cV=azbppujapL6YaS9PE+U8DE
Nudged types: Sessions, Device Info, User Consents
Refresh requested types: Bookmarks, Preferences, Passwords, Autofill Profiles, Autofill, Autofill Custom Data, Typed URLs, Extensions, Sessions, Extension settings, History Delete Directives, Device Info, User Consents, Send Tab To Self, Web Apps, Collection, Edge E Drop, Edge Hub App Usage, Edge Wallet, Encryption Keys}
{"logTime": "0104/160601", "correlationVector":"azbppujapL6YaS9PE+U8DE.1","action":"SyncServerConnectionManagerRequest", "result":"SYNC_SERVER_OK", "context":{"environment":"Prod_SoutheastAsia_000j", "migrationStage":"NotStarted", "server":"GENERAL0100000O"}}
{"logTime": "0104/160601", "correlationVector":"azbppujapL6YaS9PE+U8DE.2","action":"GetUpdates", "result":"DeleteReceived", "context":{"id":"c08b8da3-f9c2-4473-ad3c-c20bc18a719e", "isDeleted:":"true", "version":"1704086230954"}}
{"logTime": "0104/160601", "correlationVector":"azbppujapL6YaS9PE+U8DE.3","action":"GetUpdates", "result":"DeleteReceived", "context":{"id":"bcfa4db5-846d-4491-946e-779c9e2e9bc5", "isDeleted:":"true", "version":"1704086230955"}}
{"logTime": "0104/160601", "correlationVector":"azbppujapL6YaS9PE+U8DE.4","action":"GetUpdates", "result":"DeleteReceived", "context":{"id":"31e648f1-7aa2-47e9-8420-70887ac3f5cc", "isDeleted:":"true", "version":"1704086230957"}}
{"logTime": "0104/160601", "correlationVector":"azbppujapL6YaS9PE+U8DE.5","action":"GetUpdates", "result":"DeleteReceived", "context":{"id":"ef4efa11-ab72-45f2-b37d-53f3c5ee6999", "isDeleted:":"true", "version":"1704086230958"}}
{"logTime": "0104/160601", "correlationVector":"azbppujapL6YaS9PE+U8DE.6","action":"GetUpdates", "result":"DeleteReceived", "context":{"id":"f4a613c2-5678-4d55-8deb-d7ae6788c5b3", "isDeleted:":"true", "version":"1704086230960"}}
{"logTime": "0104/160601", "correlationVector":"azbppujapL6YaS9PE+U8DE.7","action":"GetUpdates", "result":"DeleteReceived", "context":{"id":"79cc430c-bb7c-4194-990a-6fb14ba42a29", "isDeleted:":"true", "version":"1704086230961"}}
{"logTime": "0104/160601", "correlationVector":"azbppujapL6YaS9PE+U8DE.8","action":"GetUpdates", "result":"DeleteReceived", "context":{"id":"3ceb806d-580a-462c-abb4-71ea7fcc9d70", "isDeleted:":"true", "version":"1704086230962"}}
{"logTime": "0104/160601", "correlationVector":"azbppujapL6YaS9PE+U8DE.9","action":"GetUpdates", "result":"DeleteReceived", "context":{"id":"fc029c86-76dc-4d20-91cb-1696ed9be1bd", "isDeleted:":"true", "version":"1704086230963"}}
{"logTime": "0104/160601", "correlationVector":"azbppujapL6YaS9PE+U8DE.10","action":"GetUpdates", "result":"DeleteReceived", "context":{"id":"7e5ba584-1f11-4cc0-a257-c5c903871034", "isDeleted:":"true", "version":"1704086230964"}}
{"logTime": "0104/160601", "correlationVector":"azbppujapL6YaS9PE+U8DE.11","action":"GetUpdates", "result":"DeleteReceived", "context":{"id":"8eac07dc-e7ce-45e1-9d41-a902859b0683", "isDeleted:":"true", "version":"1704117174992"}}
{"logTime": "0104/160601", "correlationVector":"azbppujapL6YaS9PE+U8DE.12","action":"GetUpdates", "result":"DeleteReceived", "context":{"id":"4b8255d2-2b7e-48fd-8ae2-5a914097389d", "isDeleted:":"true", "version":"1704117174993"}}
{"logTime": "0104/160601", "correlationVector":"azbppujapL6YaS9PE+U8DE.13","action":"GetUpdates", "result":"DeleteReceived", "context":{"id":"93ede7bf-6383-4fb8-8fb3-7361052616e3", "isDeleted:":"true", "version":"1704117174994"}}
{"logTime": "0104/160601", "correlationVector":"azbppujapL6YaS9PE+U8DE.14","action":"GetUpdates", "result":"DeleteReceived", "context":{"id":"dae9cf94-3ee1-4fdb-97c6-428f94b967e8", "isDeleted:":"true", "version":"1704117174996"}}
{"logTime": "0104/160601", "correlationVector":"azbppujapL6YaS9PE+U8DE.15","action":"GetUpdates", "result":"DeleteReceived", "context":{"id":"3d40f892-8b8a-45a5-8e2b-568cddfe4ca1", "isDeleted:":"true", "version":"1704117174998"}}
{"logTime": "0104/160601", "correlationVector":"azbppujapL6YaS9PE+U8DE.16","action":"GetUpdates", "result":"DeleteReceived", "context":{"id":"34bb4524-4f27-4ea6-9424-bb55761b4988", "isDeleted:":"true", "version":"1704117174999"}}
{"logTime": "0104/160601", "correlationVector":"azbppujapL6YaS9PE+U8DE.17","action":"GetUpdates", "result":"DeleteReceived", "context":{"id":"e6fb9815-28ef-46b6-b6da-f9b6c32bea1f", "isDeleted:":"true", "version":"1704127196355"}}
{"logTime": "0104/160601", "correlationVector":"azbppujapL6YaS9PE+U8DE.18","action":"GetUpdates", "result":"DeleteReceived", "context":{"id":"b93e086d-0fb5-421a-9cef-84ab9b99bbc0", "isDeleted:":"true", "version":"1704128097382"}}
{"logTime": "0104/160601", "correlationVector":"azbppujapL6YaS9PE+U8DE.19","action":"GetUpdates", "result":"DeleteReceived", "context":{"id":"aa45063f-a8fd-4399-b0c2-752b8cb54dd0", "isDeleted:":"true", "version":"1704182101591"}}
{"logTime": "0104/160601", "correlationVector":"azbppujapL6YaS9PE+U8DE.20","action":"GetUpdates", "result":"DeleteReceived", "context":{"id":"27926640-8841-4d6f-8a90-6e4f770ac1fd", "isDeleted:":"true", "version":"1704182101592"}}
{"logTime": "0104/160601", "correlationVector":"azbppujapL6YaS9PE+U8DE.21","action":"GetUpdates", "result":"DeleteReceived", "context":{"id":"1319840f-e336-42de-87b5-54428ec70b6e", "isDeleted:":"true", "version":"1704182101593"}}
{"logTime": "0104/160601", "correlationVector":"azbppujapL6YaS9PE+U8DE.22","action":"GetUpdates", "result":"DeleteReceived", "context":{"id":"886bd079-bba9-47cb-a071-3617a1ace543", "isDeleted:":"true", "version":"1704182101595"}}
{"logTime": "0104/160601", "correlationVector":"azbppujapL6YaS9PE+U8DE.23","action":"GetUpdates", "result":"DeleteReceived", "context":{"id":"c8f91fa9-009c-4a15-8fd5-225fe2d6a242", "isDeleted:":"true", "version":"1704182101596"}}
{"logTime": "0104/160601", "correlationVector":"azbppujapL6YaS9PE+U8DE.24","action":"GetUpdates", "result":"DeleteReceived", "context":{"id":"ebd4d4c0-03ed-4077-84e4-924f487fa289", "isDeleted:":"true", "version":"1704182101598"}}
{"logTime": "0104/160601", "correlationVector":"azbppujapL6YaS9PE+U8DE.25","action":"GetUpdates", "result":"DeleteReceived", "context":{"id":"d5721891-8c82-47b1-b4d7-9313630a4043", "isDeleted:":"true", "version":"1704182822632"}}
{"logTime": "0104/160601", "correlationVector":"azbppujapL6YaS9PE+U8DE.26","action":"GetUpdates", "result":"DeleteReceived", "context":{"id":"7d62d74b-73dc-4918-8a7a-ef66e1082644", "isDeleted:":"true", "version":"1704187617689"}}
{"logTime": "0104/160601", "correlationVector":"azbppujapL6YaS9PE+U8DE.27","action":"GetUpdates", "result":"DeleteReceived", "context":{"id":"687f197f-c467-46da-ab61-3f65307a1062", "isDeleted:":"true", "version":"1704196292140"}}
{"logTime": "0104/160601", "correlationVector":"azbppujapL6YaS9PE+U8DE.28","action":"GetUpdates", "result":"DeleteReceived", "context":{"id":"182690f9-5330-41c4-b227-2669c2e293aa", "isDeleted:":"true", "version":"1704196292142"}}
{"logTime": "0104/160601", "correlationVector":"azbppujapL6YaS9PE+U8DE.29","action":"GetUpdates", "result":"DeleteReceived", "context":{"id":"e4507bed-a359-4c27-b6dd-7e13024c8c65", "isDeleted:":"true", "version":"1704203918002"}}
{"logTime": "0104/160601", "correlationVector":"azbppujapL6YaS9PE+U8DE.30","action":"GetUpdates", "result":"DeleteReceived", "context":{"id":"41255e86-5da7-4804-b8a6-61d13972a5aa", "isDeleted:":"true", "version":"1704203918003"}}
{"logTime": "0104/160601", "correlationVector":"azbppujapL6YaS9PE+U8DE.31","action":"GetUpdates", "result":"DeleteReceived", "context":{"id":"77e8e753-7f49-461d-a44a-8d386cf8cc46", "isDeleted:":"true", "version":"1704203918004"}}
{"logTime": "0104/160601", "correlationVector":"azbppujapL6YaS9PE+U8DE.32","action":"GetUpdates", "result":"DeleteReceived", "context":{"id":"7f2d01c7-d7ef-430d-a17e-93e37629024d", "isDeleted:":"true", "version":"1704203918005"}}
{"logTime": "0104/160601", "correlationVector":"azbppujapL6YaS9PE+U8DE.33","action":"GetUpdates", "result":"DeleteReceived", "context":{"id":"27a1e247-f16f-43c0-bbec-55d408729d34", "isDeleted:":"true", "version":"1704203918006"}}
{"logTime": "0104/160601", "correlationVector":"azbppujapL6YaS9PE+U8DE.34","action":"GetUpdates", "result":"DeleteReceived", "context":{"id":"5349bcf8-b900-462a-b718-56f01f08e103", "isDeleted:":"true", "version":"1704203918008"}}
{"logTime": "0104/160601", "correlationVector":"azbppujapL6YaS9PE+U8DE.35","action":"GetUpdates", "result":"DeleteReceived", "context":{"id":"0078032d-b839-4641-a323-8466eb74f2be", "isDeleted:":"true", "version":"1704250897842"}}
{"logTime": "0104/160601", "correlationVector":"azbppujapL6YaS9PE+U8DE.36","action":"GetUpdates", "result":"DeleteReceived", "context":{"id":"da4350cb-574f-4159-a375-c3cdc5aec5e6", "isDeleted:":"true", "version":"1704250897843"}}
{"logTime": "0104/160601", "correlationVector":"azbppujapL6YaS9PE+U8DE.37","action":"GetUpdates", "result":"DeleteReceived", "context":{"id":"4e0370c3-43db-4090-81d7-ff1295f97993", "isDeleted:":"true", "version":"1704250897844"}}
{"logTime": "0104/160601", "correlationVector":"azbppujapL6YaS9PE+U8DE.38","action":"GetUpdates", "result":"DeleteReceived", "context":{"id":"c0a41ab4-5cd4-4e58-98cd-2eb51e0c714d", "isDeleted:":"true", "version":"1704250897846"}}
{"logTime": "0104/160601", "correlationVector":"azbppujapL6YaS9PE+U8DE.39","action":"GetUpdates", "result":"DeleteReceived", "context":{"id":"16bcd707-0689-4d7f-ad6a-d8b6abde394c", "isDeleted:":"true", "version":"1704251987673"}}
{"logTime": "0104/160601", "correlationVector":"azbppujapL6YaS9PE+U8DE.40","action":"GetUpdates", "result":"DeleteReceived", "context":{"id":"793075c2-f04a-454a-8e39-8b22ceba552f", "isDeleted:":"true", "version":"1704251987674"}}
{"logTime": "0104/160601", "correlationVector":"azbppujapL6YaS9PE+U8DE.41","action":"GetUpdates", "result":"DeleteReceived", "context":{"id":"c8b04fe9-99f0-4509-8e7c-ba6ffdd2ff77", "isDeleted:":"true", "version":"1704265912170"}}
{"logTime": "0104/160601", "correlationVector":"azbppujapL6YaS9PE+U8DE.42","action":"GetUpdates", "result":"DeleteReceived", "context":{"id":"1cef9d31-9ba1-4b0f-8e0e-2a9335e9f528", "isDeleted:":"true", "version":"1704265912171"}}
{"logTime": "0104/160601", "correlationVector":"azbppujapL6YaS9PE+U8DE.43","action":"GetUpdates", "result":"DeleteReceived", "context":{"id":"7e2639be-eafb-43a4-85c3-c3c91d2bb8d1", "isDeleted:":"true", "version":"1704268243478"}}
{"logTime": "0104/160601", "correlationVector":"azbppujapL6YaS9PE+U8DE.44","action":"GetUpdates", "result":"DeleteReceived", "context":{"id":"dfcd47ec-80c6-4c6a-b4bf-2726a1791a17", "isDeleted:":"true", "version":"1704268243479"}}
{"logTime": "0104/160601", "correlationVector":"azbppujapL6YaS9PE+U8DE.45","action":"GetUpdates", "result":"DeleteReceived", "context":{"id":"108bc548-6a0e-4e38-885e-fef47b86f148", "isDeleted:":"true", "version":"1704279464334"}}
{"logTime": "0104/160601", "correlationVector":"azbppujapL6YaS9PE+U8DE.46","action":"GetUpdates", "result":"DeleteReceived", "context":{"id":"94089b1a-2226-4af9-940f-19c9988e748f", "isDeleted:":"true", "version":"1704279696072"}}
{"logTime": "0104/160601", "correlationVector":"azbppujapL6YaS9PE+U8DE.47","action":"GetUpdates", "result":"DeleteReceived", "context":{"id":"6c16c1ae-64c3-4dd5-a3cd-b7f8d14cb8ae", "isDeleted:":"true", "version":"1704279696073"}}
{"logTime": "0104/160601", "correlationVector":"azbppujapL6YaS9PE+U8DE.48","action":"GetUpdates", "result":"DeleteReceived", "context":{"id":"375e736b-aef6-40b9-a6dc-16f7fd982170", "isDeleted:":"true", "version":"1704279696077"}}
{"logTime": "0104/160601", "correlationVector":"azbppujapL6YaS9PE+U8DE.49","action":"GetUpdates", "result":"DeleteReceived", "context":{"id":"7f5f6719-3f37-4b91-871d-97e91cfde928", "isDeleted:":"true", "version":"1704280396210"}}
{"logTime": "0104/160601", "correlationVector":"azbppujapL6YaS9PE+U8DE.50","action":"GetUpdates", "result":"DeleteReceived", "context":{"id":"75eb3a36-6ba1-42de-8cdf-61e611d7e720", "isDeleted:":"true", "version":"1704283523853"}}
{"logTime": "0104/160601", "correlationVector":"azbppujapL6YaS9PE+U8DE.51","action":"GetUpdates", "result":"DeleteReceived", "context":{"id":"e9a6d30e-2e5a-4979-bceb-76f5944271bf", "isDeleted:":"true", "version":"1704283523854"}}
{"logTime": "0104/160601", "correlationVector":"azbppujapL6YaS9PE+U8DE.52","action":"GetUpdates", "result":"DeleteReceived", "context":{"id":"d8c807ee-0596-4acb-a653-799fb4a4a952", "isDeleted:":"true", "version":"1704318669275"}}
{"logTime": "0104/160601", "correlationVector":"azbppujapL6YaS9PE+U8DE.53","action":"GetUpdates", "result":"DeleteReceived", "context":{"id":"87b8d8f8-bdfd-493c-ba45-4e330b85efa4", "isDeleted:":"true", "version":"1704326965642"}}
{"logTime": "0104/160601", "correlationVector":"azbppujapL6YaS9PE+U8DE.54","action":"GetUpdates", "result":"DeleteReceived", "context":{"id":"fb1dcd21-ce59-4567-ac19-e7cb92d3a70d", "isDeleted:":"true", "version":"1704326965644"}}
{"logTime": "0104/160601", "correlationVector":"azbppujapL6YaS9PE+U8DE.55","action":"GetUpdates", "result":"DeleteReceived", "context":{"id":"d8f9f6a3-8580-4f97-b2be-773e47fd0b52", "isDeleted:":"true", "version":"1704326965645"}}
{"logTime": "0104/160601", "correlationVector":"azbppujapL6YaS9PE+U8DE.56","action":"GetUpdates", "result":"DeleteReceived", "context":{"id":"9b207ef0-83a8-43af-a777-3c0e1830897a", "isDeleted:":"true", "version":"1704326965646"}}
{"logTime": "0104/160601", "correlationVector":"azbppujapL6YaS9PE+U8DE.57","action":"GetUpdates", "result":"DeleteReceived", "context":{"id":"d8931b5a-efb7-4799-9b18-80a5eb2c00ca", "isDeleted:":"true", "version":"1704326965648"}}
{"logTime": "0104/160601", "correlationVector":"azbppujapL6YaS9PE+U8DE.58","action":"GetUpdates", "result":"DeleteReceived", "context":{"id":"2727d1db-7d90-4375-bd0d-20b4d1ab621f", "isDeleted:":"true", "version":"1704327063951"}}
{"logTime": "0104/160601", "correlationVector":"azbppujapL6YaS9PE+U8DE.59","action":"GetUpdates", "result":"DeleteReceived", "context":{"id":"609f2664-24dc-4b60-a9bf-cf9d7667175e", "isDeleted:":"true", "version":"1704329640295"}}
{"logTime": "0104/160601", "correlationVector":"azbppujapL6YaS9PE+U8DE.60","action":"GetUpdates", "result":"DeleteReceived", "context":{"id":"41c1dc0e-8336-4d77-a94d-dad0e5d543b0", "isDeleted:":"true", "version":"1704334950589"}}
{"logTime": "0104/160601", "correlationVector":"azbppujapL6YaS9PE+U8DE.61","action":"GetUpdates", "result":"DeleteReceived", "context":{"id":"4175b7a2-e390-4ce9-988f-dc65fa6a5850", "isDeleted:":"true", "version":"1704334950590"}}
{"logTime": "0104/160601", "correlationVector":"azbppujapL6YaS9PE+U8DE.62","action":"GetUpdates", "result":"DeleteReceived", "context":{"id":"e16f9730-69bd-4ece-b83b-4ac7f59c79b4", "isDeleted:":"true", "version":"1704334950591"}}
{"logTime": "0104/160601", "correlationVector":"azbppujapL6YaS9PE+U8DE.63","action":"GetUpdates", "result":"DeleteReceived", "context":{"id":"1d9213a4-2486-495f-8096-a56e7e68d2aa", "isDeleted:":"true", "version":"1704334950592"}}
{"logTime": "0104/160601", "correlationVector":"azbppujapL6YaS9PE+U8DE.64","action":"GetUpdates", "result":"DeleteReceived", "context":{"id":"9e939ddc-310e-4666-9e6a-8046fbb0e486", "isDeleted:":"true", "version":"1704335936183"}}
{"logTime": "0104/160601", "correlationVector":"azbppujapL6YaS9PE+U8DE.65","action":"GetUpdates", "result":"DeleteReceived", "context":{"id":"dbfad348-2a6c-4610-91a8-9cb46636cf28", "isDeleted:":"true", "version":"1704338943384"}}
{"logTime": "0104/160601", "correlationVector":"azbppujapL6YaS9PE+U8DE.66","action":"GetUpdates", "result":"DeleteReceived", "context":{"id":"1da53b3c-7b46-4146-ae06-79b5af1feaf2", "isDeleted:":"true", "version":"1704338943385"}}
{"logTime": "0104/160601", "correlationVector":"azbppujapL6YaS9PE+U8DE.67","action":"GetUpdates", "result":"DeleteReceived", "context":{"id":"7eff6555-5997-4ec5-853f-7b9423c0b1cb", "isDeleted:":"true", "version":"1704338943386"}}
{"logTime": "0104/160601", "correlationVector":"azbppujapL6YaS9PE+U8DE.68","action":"GetUpdates", "result":"DeleteReceived", "context":{"id":"a964a201-14df-47fc-995d-0ed28c461f00", "isDeleted:":"true", "version":"1704357579138"}}
{"logTime": "0104/160601", "correlationVector":"azbppujapL6YaS9PE+U8DE.69","action":"GetUpdates", "result":"DeleteReceived", "context":{"id":"0bb3ebef-ef08-44cc-8fe3-1cad8b06fd25", "isDeleted:":"true", "version":"1704359387226"}}
{"logTime": "0104/160601", "correlationVector":"azbppujapL6YaS9PE+U8DE.70","action":"GetUpdates", "result":"DeleteReceived", "context":{"id":"98eb3e07-8992-443d-8c73-0f9805a4b0cc", "isDeleted:":"true", "version":"1704368452156"}}
{"logTime": "0104/160601", "correlationVector":"azbppujapL6YaS9PE+U8DE.71","action":"GetUpdates", "result":"DeleteReceived", "context":{"id":"f8107c03-2e0e-4887-9667-4edde54a3313", "isDeleted:":"true", "version":"1704370463178"}}
{"logTime": "0104/160601", "correlationVector":"azbppujapL6YaS9PE+U8DE.72","action":"GetUpdates", "result":"DeleteReceived", "context":{"id":"15466165-da59-40b5-b58d-5687e3199a33", "isDeleted:":"true", "version":"1704371101660"}}
{"logTime": "0104/160601", "correlationVector":"azbppujapL6YaS9PE+U8DE.73","action":"GetUpdates", "result":"DeleteReceived", "context":{"id":"b7f9db40-0977-4e72-818d-2da24b099c5b", "isDeleted:":"true", "version":"1704374384021"}}
{"logTime": "0104/160601", "correlationVector":"azbppujapL6YaS9PE+U8DE.74","action":"GetUpdates", "result":"DeleteReceived", "context":{"id":"b462fb87-8eed-4adb-807a-80da68228420", "isDeleted:":"true", "version":"1704384281223"}}
{"logTime": "0104/160601", "correlationVector":"azbppujapL6YaS9PE+U8DE.75","action":"GetUpdates Response", "result":"SYNCER_OK", "context":Received 116 update(s). cV=azbppujapL6YaS9PE+U8DE.0;server=GENERAL0100000O;cloudType=Consumer;environment=Prod_SoutheastAsia_000j;migrationStage=NotStarted}
{"logTime": "0104/160601", "correlationVector":"DBwHC5sKjE/Hqn50x9zHfL","action":"Commit Request", "result":"", "context":Item count: 1
Contributing types: Device Info}
{"logTime": "0104/160602", "correlationVector":"DBwHC5sKjE/Hqn50x9zHfL.1","action":"SyncServerConnectionManagerRequest", "result":"SYNC_SERVER_OK", "context":{"environment":"Prod_SoutheastAsia_000j", "migrationStage":"NotStarted", "server":"GENERAL03000019"}}
{"logTime": "0104/160602", "correlationVector":"DBwHC5sKjE/Hqn50x9zHfL.2","action":"Commit Response", "result":"SYNCER_OK", "context":Result: SYNCER_OK. cV=DBwHC5sKjE/Hqn50x9zHfL.0;server=GENERAL03000019;cloudType=Consumer;environment=Prod_SoutheastAsia_000j;migrationStage=NotStarted}
{"logTime": "0104/160602", "correlationVector":"801OWHf0O7Zh4V5J2ZR+4J","action":"Commit Request", "result":"", "context":Item count: 3
Contributing types: Sessions, User Consents}
{"logTime": "0104/160603", "correlationVector":"801OWHf0O7Zh4V5J2ZR+4J.1","action":"SyncServerConnectionManagerRequest", "result":"SYNC_SERVER_OK", "context":{"environment":"Prod_SoutheastAsia_000j", "migrationStage":"NotStarted", "server":"GENERAL0300000T"}}
{"logTime": "0104/160603", "correlationVector":"801OWHf0O7Zh4V5J2ZR+4J.2","action":"Commit Response", "result":"SYNCER_OK", "context":Result: SYNCER_OK. cV=801OWHf0O7Zh4V5J2ZR+4J.0;server=GENERAL0300000T;cloudType=Consumer;environment=Prod_SoutheastAsia_000j;migrationStage=NotStarted}
{"logTime": "0104/160603", "correlationVector":"mBVA3+y7nz5/2ZSzNRou+5","action":"Poll GetUpdate request", "result":"", "context":cV=mBVA3+y7nz5/2ZSzNRou+5}
{"logTime": "0104/160603", "correlationVector":"mBVA3+y7nz5/2ZSzNRou+5.1","action":"SyncServerConnectionManagerRequest", "result":"SYNC_SERVER_OK", "context":{"environment":"Prod_SoutheastAsia_000j", "migrationStage":"NotStarted", "server":"GENERAL0100001J"}}
{"logTime": "0104/160603", "correlationVector":"mBVA3+y7nz5/2ZSzNRou+5.2","action":"GetUpdates Response", "result":"SYNCER_OK", "context":Received 3 update(s). cV=mBVA3+y7nz5/2ZSzNRou+5.0;server=GENERAL0100001J;cloudType=Consumer;environment=Prod_SoutheastAsia_000j;migrationStage=NotStarted}
{"logTime": "0104/160604", "correlationVector":"rr///UByy5F0ZEXg0TuB9M","action":"SyncServerConnectionManagerRequest", "result":"SYNC_SERVER_OK", "context":{"environment":"", "migrationStage":"", "server":""}}
{"logTime": "0104/160604", "correlationVector":"WkL7B6yuu0KKY9Il0bQ3Sp","action":"Normal GetUpdate request", "result":"", "context":cV=WkL7B6yuu0KKY9Il0bQ3Sp
Nudged types: Preferences, Typed URLs, Sessions, Device Info}
{"logTime": "0104/160605", "correlationVector":"WkL7B6yuu0KKY9Il0bQ3Sp.1","action":"SyncServerConnectionManagerRequest", "result":"SYNC_SERVER_OK", "context":{"environment":"Prod_SoutheastAsia_000j", "migrationStage":"NotStarted", "server":"GENERAL01000001"}}
{"logTime": "0104/160605", "correlationVector":"WkL7B6yuu0KKY9Il0bQ3Sp.2","action":"GetUpdates Response", "result":"SYNCER_OK", "context":Received 1 update(s). cV=WkL7B6yuu0KKY9Il0bQ3Sp.0;server=GENERAL01000001;cloudType=Consumer;environment=Prod_SoutheastAsia_000j;migrationStage=NotStarted}
{"logTime": "0104/160605", "correlationVector":"fRdVjp4KCSJUcvJNmwOA1a","action":"Commit Request", "result":"", "context":Item count: 11
Contributing types: Autofill}
{"logTime": "0104/160607", "correlationVector":"fRdVjp4KCSJUcvJNmwOA1a.1","action":"SyncServerConnectionManagerRequest", "result":"SYNC_SERVER_OK", "context":{"environment":"Prod_SoutheastAsia_000j", "migrationStage":"NotStarted", "server":"GENERAL01000006"}}
{"logTime": "0104/160607", "correlationVector":"fRdVjp4KCSJUcvJNmwOA1a.2","action":"Commit Response", "result":"SYNCER_OK", "context":Result: SYNCER_OK. cV=fRdVjp4KCSJUcvJNmwOA1a.0;server=GENERAL01000006;cloudType=Consumer;environment=Prod_SoutheastAsia_000j;migrationStage=NotStarted}
{"logTime": "0104/160607", "correlationVector":"fC9cejI+74v7jwEeGP23E7","action":"Normal GetUpdate request", "result":"", "context":cV=fC9cejI+74v7jwEeGP23E7
Nudged types: Autofill
Refresh requested types: Bookmarks, Preferences, Passwords, Autofill Profiles, Autofill, Autofill Custom Data, Typed URLs, Extensions, Sessions, Extension settings, History Delete Directives, Device Info, User Consents, Send Tab To Self, Web Apps, Collection, Edge E Drop, Edge Hub App Usage, Edge Wallet, Encryption Keys}
{"logTime": "0104/160607", "correlationVector":"fC9cejI+74v7jwEeGP23E7.1","action":"SyncServerConnectionManagerRequest", "result":"SYNC_SERVER_OK", "context":{"environment":"Prod_SoutheastAsia_000j", "migrationStage":"NotStarted", "server":"GENERAL0100000D"}}
{"logTime": "0104/160607", "correlationVector":"fC9cejI+74v7jwEeGP23E7.2","action":"GetUpdates Response", "result":"SYNCER_OK", "context":Received 11 update(s). cV=fC9cejI+74v7jwEeGP23E7.0;server=GENERAL0100000D;cloudType=Consumer;environment=Prod_SoutheastAsia_000j;migrationStage=NotStarted}
